2024-02-26T12:38:30+00:00 CRITICAL Maximum execution time of 30 seconds exceeded in C:\xampp\htdocs\wordpress\wp-includes\Requests\Transport\cURL.php on line 484

2024-02-26T15:27:15+00:00 CRITICAL Uncaught Error: Call to undefined method Elementor\Utils::is_ajax() in C:\xampp1\htdocs\wordpress\wp-content\plugins\elementor-pro\modules\forms\classes\ajax-handler.php:33
Stack trace:
#0 C:\xampp1\htdocs\wordpress\wp-content\plugins\elementor-pro\modules\forms\module.php(176): ElementorPro\Modules\Forms\Classes\Ajax_Handler::is_form_submitted()
#1 C:\xampp1\htdocs\wordpress\wp-content\plugins\elementor\core\base\module.php(85): ElementorPro\Modules\Forms\Module->__construct()
#2 C:\xampp1\htdocs\wordpress\wp-content\plugins\elementor-pro\includes\modules-manager.php(58): Elementor\Core\Base\Module::instance()
#3 C:\xampp1\htdocs\wordpress\wp-content\plugins\elementor-pro\plugin.php(319): ElementorPro\Manager->__construct()
#4 C:\xampp1\htdocs\wordpress\wp-includes\class-wp-hook.php(324): ElementorPro\Plugin->on_elementor_init('')
#5 C:\xampp1\htdocs\wordpress\wp-includes\class-wp-hook.php(348): WP_Hook->apply_filters('', Array)
#6 C:\xampp1\htdocs\wordpress\wp-includes\plugin.php(517): WP_Hook->do_action(Array)
#7 C:\xampp1\htdocs\wordpress\wp-content\plugins\elementor\includes\plugin.php(658): do_action('elementor/init')
#8 C:\xampp1\htdocs\wordpress\wp-includes\class-wp-hook.php(324): Elementor\Plugin->init('')
#9 C:\xampp1\htdocs\wordpress\wp-includes\class-wp-hook.php(348): WP_Hook->apply_filters(NULL, Array)
#10 C:\xampp1\htdocs\wordpress\wp-includes\plugin.php(517): WP_Hook->do_action(Array)
#11 C:\xampp1\htdocs\wordpress\wp-settings.php(643): do_action('init')
#12 C:\xampp1\htdocs\wordpress\wp-config.php(96): require_once('C:\\xampp1\\htdoc...')
#13 C:\xampp1\htdocs\wordpress\wp-load.php(50): require_once('C:\\xampp1\\htdoc...')
#14 C:\xampp1\htdocs\wordpress\wp-admin\admin-ajax.php(22): require_once('C:\\xampp1\\htdoc...')
#15 {main}
  thrown in C:\xampp1\htdocs\wordpress\wp-content\plugins\elementor-pro\modules\forms\classes\ajax-handler.php on line 33

2024-02-26T15:27:15+00:00 CRITICAL Uncaught Error: Call to undefined method Elementor\Utils::is_ajax() in C:\xampp1\htdocs\wordpress\wp-content\plugins\elementor-pro\modules\forms\classes\ajax-handler.php:33
Stack trace:
#0 C:\xampp1\htdocs\wordpress\wp-content\plugins\elementor-pro\modules\forms\module.php(176): ElementorPro\Modules\Forms\Classes\Ajax_Handler::is_form_submitted()
#1 C:\xampp1\htdocs\wordpress\wp-content\plugins\elementor\core\base\module.php(85): ElementorPro\Modules\Forms\Module->__construct()
#2 C:\xampp1\htdocs\wordpress\wp-content\plugins\elementor-pro\includes\modules-manager.php(58): Elementor\Core\Base\Module::instance()
#3 C:\xampp1\htdocs\wordpress\wp-content\plugins\elementor-pro\plugin.php(319): ElementorPro\Manager->__construct()
#4 C:\xampp1\htdocs\wordpress\wp-includes\class-wp-hook.php(324): ElementorPro\Plugin->on_elementor_init('')
#5 C:\xampp1\htdocs\wordpress\wp-includes\class-wp-hook.php(348): WP_Hook->apply_filters('', Array)
#6 C:\xampp1\htdocs\wordpress\wp-includes\plugin.php(517): WP_Hook->do_action(Array)
#7 C:\xampp1\htdocs\wordpress\wp-content\plugins\elementor\includes\plugin.php(658): do_action('elementor/init')
#8 C:\xampp1\htdocs\wordpress\wp-includes\class-wp-hook.php(324): Elementor\Plugin->init('')
#9 C:\xampp1\htdocs\wordpress\wp-includes\class-wp-hook.php(348): WP_Hook->apply_filters(NULL, Array)
#10 C:\xampp1\htdocs\wordpress\wp-includes\plugin.php(517): WP_Hook->do_action(Array)
#11 C:\xampp1\htdocs\wordpress\wp-settings.php(643): do_action('init')
#12 C:\xampp1\htdocs\wordpress\wp-config.php(96): require_once('C:\\xampp1\\htdoc...')
#13 C:\xampp1\htdocs\wordpress\wp-load.php(50): require_once('C:\\xampp1\\htdoc...')
#14 C:\xampp1\htdocs\wordpress\wp-admin\admin-ajax.php(22): require_once('C:\\xampp1\\htdoc...')
#15 {main}
  thrown in C:\xampp1\htdocs\wordpress\wp-content\plugins\elementor-pro\modules\forms\classes\ajax-handler.php on line 33

2024-02-26T15:27:30+00:00 CRITICAL Uncaught Error: Call to undefined method Elementor\Utils::is_ajax() in C:\xampp1\htdocs\wordpress\wp-content\plugins\elementor-pro\modules\forms\classes\ajax-handler.php:33
Stack trace:
#0 C:\xampp1\htdocs\wordpress\wp-content\plugins\elementor-pro\modules\forms\module.php(176): ElementorPro\Modules\Forms\Classes\Ajax_Handler::is_form_submitted()
#1 C:\xampp1\htdocs\wordpress\wp-content\plugins\elementor\core\base\module.php(85): ElementorPro\Modules\Forms\Module->__construct()
#2 C:\xampp1\htdocs\wordpress\wp-content\plugins\elementor-pro\includes\modules-manager.php(58): Elementor\Core\Base\Module::instance()
#3 C:\xampp1\htdocs\wordpress\wp-content\plugins\elementor-pro\plugin.php(319): ElementorPro\Manager->__construct()
#4 C:\xampp1\htdocs\wordpress\wp-includes\class-wp-hook.php(324): ElementorPro\Plugin->on_elementor_init('')
#5 C:\xampp1\htdocs\wordpress\wp-includes\class-wp-hook.php(348): WP_Hook->apply_filters('', Array)
#6 C:\xampp1\htdocs\wordpress\wp-includes\plugin.php(517): WP_Hook->do_action(Array)
#7 C:\xampp1\htdocs\wordpress\wp-content\plugins\elementor\includes\plugin.php(658): do_action('elementor/init')
#8 C:\xampp1\htdocs\wordpress\wp-includes\class-wp-hook.php(324): Elementor\Plugin->init('')
#9 C:\xampp1\htdocs\wordpress\wp-includes\class-wp-hook.php(348): WP_Hook->apply_filters(NULL, Array)
#10 C:\xampp1\htdocs\wordpress\wp-includes\plugin.php(517): WP_Hook->do_action(Array)
#11 C:\xampp1\htdocs\wordpress\wp-settings.php(643): do_action('init')
#12 C:\xampp1\htdocs\wordpress\wp-config.php(96): require_once('C:\\xampp1\\htdoc...')
#13 C:\xampp1\htdocs\wordpress\wp-load.php(50): require_once('C:\\xampp1\\htdoc...')
#14 C:\xampp1\htdocs\wordpress\wp-admin\admin-ajax.php(22): require_once('C:\\xampp1\\htdoc...')
#15 {main}
  thrown in C:\xampp1\htdocs\wordpress\wp-content\plugins\elementor-pro\modules\forms\classes\ajax-handler.php on line 33

2024-02-26T15:27:32+00:00 CRITICAL Uncaught Error: Call to undefined method Elementor\Utils::is_ajax() in C:\xampp1\htdocs\wordpress\wp-content\plugins\elementor-pro\modules\forms\classes\ajax-handler.php:33
Stack trace:
#0 C:\xampp1\htdocs\wordpress\wp-content\plugins\elementor-pro\modules\forms\module.php(176): ElementorPro\Modules\Forms\Classes\Ajax_Handler::is_form_submitted()
#1 C:\xampp1\htdocs\wordpress\wp-content\plugins\elementor\core\base\module.php(85): ElementorPro\Modules\Forms\Module->__construct()
#2 C:\xampp1\htdocs\wordpress\wp-content\plugins\elementor-pro\includes\modules-manager.php(58): Elementor\Core\Base\Module::instance()
#3 C:\xampp1\htdocs\wordpress\wp-content\plugins\elementor-pro\plugin.php(319): ElementorPro\Manager->__construct()
#4 C:\xampp1\htdocs\wordpress\wp-includes\class-wp-hook.php(324): ElementorPro\Plugin->on_elementor_init('')
#5 C:\xampp1\htdocs\wordpress\wp-includes\class-wp-hook.php(348): WP_Hook->apply_filters('', Array)
#6 C:\xampp1\htdocs\wordpress\wp-includes\plugin.php(517): WP_Hook->do_action(Array)
#7 C:\xampp1\htdocs\wordpress\wp-content\plugins\elementor\includes\plugin.php(658): do_action('elementor/init')
#8 C:\xampp1\htdocs\wordpress\wp-includes\class-wp-hook.php(324): Elementor\Plugin->init('')
#9 C:\xampp1\htdocs\wordpress\wp-includes\class-wp-hook.php(348): WP_Hook->apply_filters(NULL, Array)
#10 C:\xampp1\htdocs\wordpress\wp-includes\plugin.php(517): WP_Hook->do_action(Array)
#11 C:\xampp1\htdocs\wordpress\wp-settings.php(643): do_action('init')
#12 C:\xampp1\htdocs\wordpress\wp-config.php(96): require_once('C:\\xampp1\\htdoc...')
#13 C:\xampp1\htdocs\wordpress\wp-load.php(50): require_once('C:\\xampp1\\htdoc...')
#14 C:\xampp1\htdocs\wordpress\wp-admin\admin-ajax.php(22): require_once('C:\\xampp1\\htdoc...')
#15 {main}
  thrown in C:\xampp1\htdocs\wordpress\wp-content\plugins\elementor-pro\modules\forms\classes\ajax-handler.php on line 33

2024-02-26T15:27:35+00:00 CRITICAL Uncaught Error: Call to undefined method Elementor\Utils::is_ajax() in C:\xampp1\htdocs\wordpress\wp-content\plugins\elementor-pro\modules\forms\classes\ajax-handler.php:33
Stack trace:
#0 C:\xampp1\htdocs\wordpress\wp-content\plugins\elementor-pro\modules\forms\module.php(176): ElementorPro\Modules\Forms\Classes\Ajax_Handler::is_form_submitted()
#1 C:\xampp1\htdocs\wordpress\wp-content\plugins\elementor\core\base\module.php(85): ElementorPro\Modules\Forms\Module->__construct()
#2 C:\xampp1\htdocs\wordpress\wp-content\plugins\elementor-pro\includes\modules-manager.php(58): Elementor\Core\Base\Module::instance()
#3 C:\xampp1\htdocs\wordpress\wp-content\plugins\elementor-pro\plugin.php(319): ElementorPro\Manager->__construct()
#4 C:\xampp1\htdocs\wordpress\wp-includes\class-wp-hook.php(324): ElementorPro\Plugin->on_elementor_init('')
#5 C:\xampp1\htdocs\wordpress\wp-includes\class-wp-hook.php(348): WP_Hook->apply_filters('', Array)
#6 C:\xampp1\htdocs\wordpress\wp-includes\plugin.php(517): WP_Hook->do_action(Array)
#7 C:\xampp1\htdocs\wordpress\wp-content\plugins\elementor\includes\plugin.php(658): do_action('elementor/init')
#8 C:\xampp1\htdocs\wordpress\wp-includes\class-wp-hook.php(324): Elementor\Plugin->init('')
#9 C:\xampp1\htdocs\wordpress\wp-includes\class-wp-hook.php(348): WP_Hook->apply_filters(NULL, Array)
#10 C:\xampp1\htdocs\wordpress\wp-includes\plugin.php(517): WP_Hook->do_action(Array)
#11 C:\xampp1\htdocs\wordpress\wp-settings.php(643): do_action('init')
#12 C:\xampp1\htdocs\wordpress\wp-config.php(96): require_once('C:\\xampp1\\htdoc...')
#13 C:\xampp1\htdocs\wordpress\wp-load.php(50): require_once('C:\\xampp1\\htdoc...')
#14 C:\xampp1\htdocs\wordpress\wp-admin\admin-ajax.php(22): require_once('C:\\xampp1\\htdoc...')
#15 {main}
  thrown in C:\xampp1\htdocs\wordpress\wp-content\plugins\elementor-pro\modules\forms\classes\ajax-handler.php on line 33

2024-02-26T15:27:37+00:00 CRITICAL Uncaught Error: Call to undefined method Elementor\Utils::is_ajax() in C:\xampp1\htdocs\wordpress\wp-content\plugins\elementor-pro\modules\forms\classes\ajax-handler.php:33
Stack trace:
#0 C:\xampp1\htdocs\wordpress\wp-content\plugins\elementor-pro\modules\forms\module.php(176): ElementorPro\Modules\Forms\Classes\Ajax_Handler::is_form_submitted()
#1 C:\xampp1\htdocs\wordpress\wp-content\plugins\elementor\core\base\module.php(85): ElementorPro\Modules\Forms\Module->__construct()
#2 C:\xampp1\htdocs\wordpress\wp-content\plugins\elementor-pro\includes\modules-manager.php(58): Elementor\Core\Base\Module::instance()
#3 C:\xampp1\htdocs\wordpress\wp-content\plugins\elementor-pro\plugin.php(319): ElementorPro\Manager->__construct()
#4 C:\xampp1\htdocs\wordpress\wp-includes\class-wp-hook.php(324): ElementorPro\Plugin->on_elementor_init('')
#5 C:\xampp1\htdocs\wordpress\wp-includes\class-wp-hook.php(348): WP_Hook->apply_filters('', Array)
#6 C:\xampp1\htdocs\wordpress\wp-includes\plugin.php(517): WP_Hook->do_action(Array)
#7 C:\xampp1\htdocs\wordpress\wp-content\plugins\elementor\includes\plugin.php(658): do_action('elementor/init')
#8 C:\xampp1\htdocs\wordpress\wp-includes\class-wp-hook.php(324): Elementor\Plugin->init('')
#9 C:\xampp1\htdocs\wordpress\wp-includes\class-wp-hook.php(348): WP_Hook->apply_filters(NULL, Array)
#10 C:\xampp1\htdocs\wordpress\wp-includes\plugin.php(517): WP_Hook->do_action(Array)
#11 C:\xampp1\htdocs\wordpress\wp-settings.php(643): do_action('init')
#12 C:\xampp1\htdocs\wordpress\wp-config.php(96): require_once('C:\\xampp1\\htdoc...')
#13 C:\xampp1\htdocs\wordpress\wp-load.php(50): require_once('C:\\xampp1\\htdoc...')
#14 C:\xampp1\htdocs\wordpress\wp-admin\admin-ajax.php(22): require_once('C:\\xampp1\\htdoc...')
#15 {main}
  thrown in C:\xampp1\htdocs\wordpress\wp-content\plugins\elementor-pro\modules\forms\classes\ajax-handler.php on line 33

2024-02-26T15:27:37+00:00 CRITICAL Uncaught Error: Call to undefined method Elementor\Utils::is_ajax() in C:\xampp1\htdocs\wordpress\wp-content\plugins\elementor-pro\modules\forms\classes\ajax-handler.php:33
Stack trace:
#0 C:\xampp1\htdocs\wordpress\wp-content\plugins\elementor-pro\modules\forms\module.php(176): ElementorPro\Modules\Forms\Classes\Ajax_Handler::is_form_submitted()
#1 C:\xampp1\htdocs\wordpress\wp-content\plugins\elementor\core\base\module.php(85): ElementorPro\Modules\Forms\Module->__construct()
#2 C:\xampp1\htdocs\wordpress\wp-content\plugins\elementor-pro\includes\modules-manager.php(58): Elementor\Core\Base\Module::instance()
#3 C:\xampp1\htdocs\wordpress\wp-content\plugins\elementor-pro\plugin.php(319): ElementorPro\Manager->__construct()
#4 C:\xampp1\htdocs\wordpress\wp-includes\class-wp-hook.php(324): ElementorPro\Plugin->on_elementor_init('')
#5 C:\xampp1\htdocs\wordpress\wp-includes\class-wp-hook.php(348): WP_Hook->apply_filters('', Array)
#6 C:\xampp1\htdocs\wordpress\wp-includes\plugin.php(517): WP_Hook->do_action(Array)
#7 C:\xampp1\htdocs\wordpress\wp-content\plugins\elementor\includes\plugin.php(658): do_action('elementor/init')
#8 C:\xampp1\htdocs\wordpress\wp-includes\class-wp-hook.php(324): Elementor\Plugin->init('')
#9 C:\xampp1\htdocs\wordpress\wp-includes\class-wp-hook.php(348): WP_Hook->apply_filters(NULL, Array)
#10 C:\xampp1\htdocs\wordpress\wp-includes\plugin.php(517): WP_Hook->do_action(Array)
#11 C:\xampp1\htdocs\wordpress\wp-settings.php(643): do_action('init')
#12 C:\xampp1\htdocs\wordpress\wp-config.php(96): require_once('C:\\xampp1\\htdoc...')
#13 C:\xampp1\htdocs\wordpress\wp-load.php(50): require_once('C:\\xampp1\\htdoc...')
#14 C:\xampp1\htdocs\wordpress\wp-admin\admin-ajax.php(22): require_once('C:\\xampp1\\htdoc...')
#15 {main}
  thrown in C:\xampp1\htdocs\wordpress\wp-content\plugins\elementor-pro\modules\forms\classes\ajax-handler.php on line 33

2024-02-26T15:28:29+00:00 CRITICAL Uncaught Error: Call to undefined method Elementor\Utils::is_ajax() in C:\xampp1\htdocs\wordpress\wp-content\plugins\elementor-pro\modules\forms\classes\ajax-handler.php:33
Stack trace:
#0 C:\xampp1\htdocs\wordpress\wp-content\plugins\elementor-pro\modules\forms\module.php(176): ElementorPro\Modules\Forms\Classes\Ajax_Handler::is_form_submitted()
#1 C:\xampp1\htdocs\wordpress\wp-content\plugins\elementor\core\base\module.php(85): ElementorPro\Modules\Forms\Module->__construct()
#2 C:\xampp1\htdocs\wordpress\wp-content\plugins\elementor-pro\includes\modules-manager.php(58): Elementor\Core\Base\Module::instance()
#3 C:\xampp1\htdocs\wordpress\wp-content\plugins\elementor-pro\plugin.php(319): ElementorPro\Manager->__construct()
#4 C:\xampp1\htdocs\wordpress\wp-includes\class-wp-hook.php(324): ElementorPro\Plugin->on_elementor_init('')
#5 C:\xampp1\htdocs\wordpress\wp-includes\class-wp-hook.php(348): WP_Hook->apply_filters('', Array)
#6 C:\xampp1\htdocs\wordpress\wp-includes\plugin.php(517): WP_Hook->do_action(Array)
#7 C:\xampp1\htdocs\wordpress\wp-content\plugins\elementor\includes\plugin.php(658): do_action('elementor/init')
#8 C:\xampp1\htdocs\wordpress\wp-includes\class-wp-hook.php(324): Elementor\Plugin->init('')
#9 C:\xampp1\htdocs\wordpress\wp-includes\class-wp-hook.php(348): WP_Hook->apply_filters(NULL, Array)
#10 C:\xampp1\htdocs\wordpress\wp-includes\plugin.php(517): WP_Hook->do_action(Array)
#11 C:\xampp1\htdocs\wordpress\wp-settings.php(643): do_action('init')
#12 C:\xampp1\htdocs\wordpress\wp-config.php(96): require_once('C:\\xampp1\\htdoc...')
#13 C:\xampp1\htdocs\wordpress\wp-load.php(50): require_once('C:\\xampp1\\htdoc...')
#14 C:\xampp1\htdocs\wordpress\wp-admin\admin.php(34): require_once('C:\\xampp1\\htdoc...')
#15 {main}
  thrown in C:\xampp1\htdocs\wordpress\wp-content\plugins\elementor-pro\modules\forms\classes\ajax-handler.php on line 33

2024-02-26T15:28:34+00:00 CRITICAL Uncaught Error: Call to undefined method Elementor\Utils::is_ajax() in C:\xampp1\htdocs\wordpress\wp-content\plugins\elementor-pro\modules\forms\classes\ajax-handler.php:33
Stack trace:
#0 C:\xampp1\htdocs\wordpress\wp-content\plugins\elementor-pro\modules\forms\module.php(176): ElementorPro\Modules\Forms\Classes\Ajax_Handler::is_form_submitted()
#1 C:\xampp1\htdocs\wordpress\wp-content\plugins\elementor\core\base\module.php(85): ElementorPro\Modules\Forms\Module->__construct()
#2 C:\xampp1\htdocs\wordpress\wp-content\plugins\elementor-pro\includes\modules-manager.php(58): Elementor\Core\Base\Module::instance()
#3 C:\xampp1\htdocs\wordpress\wp-content\plugins\elementor-pro\plugin.php(319): ElementorPro\Manager->__construct()
#4 C:\xampp1\htdocs\wordpress\wp-includes\class-wp-hook.php(324): ElementorPro\Plugin->on_elementor_init('')
#5 C:\xampp1\htdocs\wordpress\wp-includes\class-wp-hook.php(348): WP_Hook->apply_filters('', Array)
#6 C:\xampp1\htdocs\wordpress\wp-includes\plugin.php(517): WP_Hook->do_action(Array)
#7 C:\xampp1\htdocs\wordpress\wp-content\plugins\elementor\includes\plugin.php(658): do_action('elementor/init')
#8 C:\xampp1\htdocs\wordpress\wp-includes\class-wp-hook.php(324): Elementor\Plugin->init('')
#9 C:\xampp1\htdocs\wordpress\wp-includes\class-wp-hook.php(348): WP_Hook->apply_filters(NULL, Array)
#10 C:\xampp1\htdocs\wordpress\wp-includes\plugin.php(517): WP_Hook->do_action(Array)
#11 C:\xampp1\htdocs\wordpress\wp-settings.php(643): do_action('init')
#12 C:\xampp1\htdocs\wordpress\wp-config.php(96): require_once('C:\\xampp1\\htdoc...')
#13 C:\xampp1\htdocs\wordpress\wp-load.php(50): require_once('C:\\xampp1\\htdoc...')
#14 C:\xampp1\htdocs\wordpress\wp-admin\admin.php(34): require_once('C:\\xampp1\\htdoc...')
#15 C:\xampp1\htdocs\wordpress\wp-admin\plugins.php(10): require_once('C:\\xampp1\\htdoc...')
#16 {main}
  thrown in C:\xampp1\htdocs\wordpress\wp-content\plugins\elementor-pro\modules\forms\classes\ajax-handler.php on line 33

2024-02-26T15:28:46+00:00 CRITICAL Uncaught Error: Call to undefined method Elementor\Utils::is_ajax() in C:\xampp1\htdocs\wordpress\wp-content\plugins\elementor-pro\modules\forms\classes\ajax-handler.php:33
Stack trace:
#0 C:\xampp1\htdocs\wordpress\wp-content\plugins\elementor-pro\modules\forms\module.php(176): ElementorPro\Modules\Forms\Classes\Ajax_Handler::is_form_submitted()
#1 C:\xampp1\htdocs\wordpress\wp-content\plugins\elementor\core\base\module.php(85): ElementorPro\Modules\Forms\Module->__construct()
#2 C:\xampp1\htdocs\wordpress\wp-content\plugins\elementor-pro\includes\modules-manager.php(58): Elementor\Core\Base\Module::instance()
#3 C:\xampp1\htdocs\wordpress\wp-content\plugins\elementor-pro\plugin.php(319): ElementorPro\Manager->__construct()
#4 C:\xampp1\htdocs\wordpress\wp-includes\class-wp-hook.php(324): ElementorPro\Plugin->on_elementor_init('')
#5 C:\xampp1\htdocs\wordpress\wp-includes\class-wp-hook.php(348): WP_Hook->apply_filters('', Array)
#6 C:\xampp1\htdocs\wordpress\wp-includes\plugin.php(517): WP_Hook->do_action(Array)
#7 C:\xampp1\htdocs\wordpress\wp-content\plugins\elementor\includes\plugin.php(658): do_action('elementor/init')
#8 C:\xampp1\htdocs\wordpress\wp-includes\class-wp-hook.php(324): Elementor\Plugin->init('')
#9 C:\xampp1\htdocs\wordpress\wp-includes\class-wp-hook.php(348): WP_Hook->apply_filters(NULL, Array)
#10 C:\xampp1\htdocs\wordpress\wp-includes\plugin.php(517): WP_Hook->do_action(Array)
#11 C:\xampp1\htdocs\wordpress\wp-settings.php(643): do_action('init')
#12 C:\xampp1\htdocs\wordpress\wp-config.php(96): require_once('C:\\xampp1\\htdoc...')
#13 C:\xampp1\htdocs\wordpress\wp-load.php(50): require_once('C:\\xampp1\\htdoc...')
#14 C:\xampp1\htdocs\wordpress\wp-admin\admin.php(34): require_once('C:\\xampp1\\htdoc...')
#15 C:\xampp1\htdocs\wordpress\wp-admin\index.php(10): require_once('C:\\xampp1\\htdoc...')
#16 {main}
  thrown in C:\xampp1\htdocs\wordpress\wp-content\plugins\elementor-pro\modules\forms\classes\ajax-handler.php on line 33

2024-02-26T15:29:06+00:00 CRITICAL Uncaught Error: Call to undefined method Elementor\Utils::is_ajax() in C:\xampp1\htdocs\wordpress\wp-content\plugins\elementor-pro\modules\forms\classes\ajax-handler.php:33
Stack trace:
#0 C:\xampp1\htdocs\wordpress\wp-content\plugins\elementor-pro\modules\forms\module.php(176): ElementorPro\Modules\Forms\Classes\Ajax_Handler::is_form_submitted()
#1 C:\xampp1\htdocs\wordpress\wp-content\plugins\elementor\core\base\module.php(85): ElementorPro\Modules\Forms\Module->__construct()
#2 C:\xampp1\htdocs\wordpress\wp-content\plugins\elementor-pro\includes\modules-manager.php(58): Elementor\Core\Base\Module::instance()
#3 C:\xampp1\htdocs\wordpress\wp-content\plugins\elementor-pro\plugin.php(319): ElementorPro\Manager->__construct()
#4 C:\xampp1\htdocs\wordpress\wp-includes\class-wp-hook.php(324): ElementorPro\Plugin->on_elementor_init('')
#5 C:\xampp1\htdocs\wordpress\wp-includes\class-wp-hook.php(348): WP_Hook->apply_filters('', Array)
#6 C:\xampp1\htdocs\wordpress\wp-includes\plugin.php(517): WP_Hook->do_action(Array)
#7 C:\xampp1\htdocs\wordpress\wp-content\plugins\elementor\includes\plugin.php(658): do_action('elementor/init')
#8 C:\xampp1\htdocs\wordpress\wp-includes\class-wp-hook.php(324): Elementor\Plugin->init('')
#9 C:\xampp1\htdocs\wordpress\wp-includes\class-wp-hook.php(348): WP_Hook->apply_filters(NULL, Array)
#10 C:\xampp1\htdocs\wordpress\wp-includes\plugin.php(517): WP_Hook->do_action(Array)
#11 C:\xampp1\htdocs\wordpress\wp-settings.php(643): do_action('init')
#12 C:\xampp1\htdocs\wordpress\wp-config.php(96): require_once('C:\\xampp1\\htdoc...')
#13 C:\xampp1\htdocs\wordpress\wp-load.php(50): require_once('C:\\xampp1\\htdoc...')
#14 C:\xampp1\htdocs\wordpress\wp-admin\admin.php(34): require_once('C:\\xampp1\\htdoc...')
#15 C:\xampp1\htdocs\wordpress\wp-admin\index.php(10): require_once('C:\\xampp1\\htdoc...')
#16 {main}
  thrown in C:\xampp1\htdocs\wordpress\wp-content\plugins\elementor-pro\modules\forms\classes\ajax-handler.php on line 33

2024-02-26T15:31:43+00:00 CRITICAL Uncaught Error: Call to undefined method Elementor\Utils::is_ajax() in C:\xampp1\htdocs\wordpress\wp-content\plugins\elementor-pro\modules\forms\classes\ajax-handler.php:33
Stack trace:
#0 C:\xampp1\htdocs\wordpress\wp-content\plugins\elementor-pro\modules\forms\module.php(176): ElementorPro\Modules\Forms\Classes\Ajax_Handler::is_form_submitted()
#1 C:\xampp1\htdocs\wordpress\wp-content\plugins\elementor\core\base\module.php(85): ElementorPro\Modules\Forms\Module->__construct()
#2 C:\xampp1\htdocs\wordpress\wp-content\plugins\elementor-pro\includes\modules-manager.php(58): Elementor\Core\Base\Module::instance()
#3 C:\xampp1\htdocs\wordpress\wp-content\plugins\elementor-pro\plugin.php(319): ElementorPro\Manager->__construct()
#4 C:\xampp1\htdocs\wordpress\wp-includes\class-wp-hook.php(324): ElementorPro\Plugin->on_elementor_init('')
#5 C:\xampp1\htdocs\wordpress\wp-includes\class-wp-hook.php(348): WP_Hook->apply_filters('', Array)
#6 C:\xampp1\htdocs\wordpress\wp-includes\plugin.php(517): WP_Hook->do_action(Array)
#7 C:\xampp1\htdocs\wordpress\wp-content\plugins\elementor\includes\plugin.php(658): do_action('elementor/init')
#8 C:\xampp1\htdocs\wordpress\wp-includes\class-wp-hook.php(324): Elementor\Plugin->init('')
#9 C:\xampp1\htdocs\wordpress\wp-includes\class-wp-hook.php(348): WP_Hook->apply_filters(NULL, Array)
#10 C:\xampp1\htdocs\wordpress\wp-includes\plugin.php(517): WP_Hook->do_action(Array)
#11 C:\xampp1\htdocs\wordpress\wp-settings.php(643): do_action('init')
#12 C:\xampp1\htdocs\wordpress\wp-config.php(96): require_once('C:\\xampp1\\htdoc...')
#13 C:\xampp1\htdocs\wordpress\wp-load.php(50): require_once('C:\\xampp1\\htdoc...')
#14 C:\xampp1\htdocs\wordpress\wp-admin\admin.php(34): require_once('C:\\xampp1\\htdoc...')
#15 C:\xampp1\htdocs\wordpress\wp-admin\index.php(10): require_once('C:\\xampp1\\htdoc...')
#16 {main}
  thrown in C:\xampp1\htdocs\wordpress\wp-content\plugins\elementor-pro\modules\forms\classes\ajax-handler.php on line 33

2024-02-26T15:34:16+00:00 CRITICAL Uncaught Error: Call to undefined method Elementor\Utils::is_ajax() in C:\xampp1\htdocs\wordpress\wp-content\plugins\elementor-pro\modules\forms\classes\ajax-handler.php:33
Stack trace:
#0 C:\xampp1\htdocs\wordpress\wp-content\plugins\elementor-pro\modules\forms\module.php(176): ElementorPro\Modules\Forms\Classes\Ajax_Handler::is_form_submitted()
#1 C:\xampp1\htdocs\wordpress\wp-content\plugins\elementor\core\base\module.php(85): ElementorPro\Modules\Forms\Module->__construct()
#2 C:\xampp1\htdocs\wordpress\wp-content\plugins\elementor-pro\includes\modules-manager.php(58): Elementor\Core\Base\Module::instance()
#3 C:\xampp1\htdocs\wordpress\wp-content\plugins\elementor-pro\plugin.php(319): ElementorPro\Manager->__construct()
#4 C:\xampp1\htdocs\wordpress\wp-includes\class-wp-hook.php(324): ElementorPro\Plugin->on_elementor_init('')
#5 C:\xampp1\htdocs\wordpress\wp-includes\class-wp-hook.php(348): WP_Hook->apply_filters('', Array)
#6 C:\xampp1\htdocs\wordpress\wp-includes\plugin.php(517): WP_Hook->do_action(Array)
#7 C:\xampp1\htdocs\wordpress\wp-content\plugins\elementor\includes\plugin.php(658): do_action('elementor/init')
#8 C:\xampp1\htdocs\wordpress\wp-includes\class-wp-hook.php(324): Elementor\Plugin->init('')
#9 C:\xampp1\htdocs\wordpress\wp-includes\class-wp-hook.php(348): WP_Hook->apply_filters(NULL, Array)
#10 C:\xampp1\htdocs\wordpress\wp-includes\plugin.php(517): WP_Hook->do_action(Array)
#11 C:\xampp1\htdocs\wordpress\wp-settings.php(643): do_action('init')
#12 C:\xampp1\htdocs\wordpress\wp-config.php(96): require_once('C:\\xampp1\\htdoc...')
#13 C:\xampp1\htdocs\wordpress\wp-load.php(50): require_once('C:\\xampp1\\htdoc...')
#14 C:\xampp1\htdocs\wordpress\wp-admin\admin.php(34): require_once('C:\\xampp1\\htdoc...')
#15 C:\xampp1\htdocs\wordpress\wp-admin\index.php(10): require_once('C:\\xampp1\\htdoc...')
#16 {main}
  thrown in C:\xampp1\htdocs\wordpress\wp-content\plugins\elementor-pro\modules\forms\classes\ajax-handler.php on line 33

2024-02-26T15:40:10+00:00 CRITICAL Uncaught Error: Call to undefined method Elementor\Utils::is_ajax() in C:\xampp1\htdocs\wordpress\wp-content\plugins\elementor-pro\modules\forms\classes\ajax-handler.php:33
Stack trace:
#0 C:\xampp1\htdocs\wordpress\wp-content\plugins\elementor-pro\modules\forms\module.php(176): ElementorPro\Modules\Forms\Classes\Ajax_Handler::is_form_submitted()
#1 C:\xampp1\htdocs\wordpress\wp-content\plugins\elementor\core\base\module.php(85): ElementorPro\Modules\Forms\Module->__construct()
#2 C:\xampp1\htdocs\wordpress\wp-content\plugins\elementor-pro\includes\modules-manager.php(58): Elementor\Core\Base\Module::instance()
#3 C:\xampp1\htdocs\wordpress\wp-content\plugins\elementor-pro\plugin.php(319): ElementorPro\Manager->__construct()
#4 C:\xampp1\htdocs\wordpress\wp-includes\class-wp-hook.php(324): ElementorPro\Plugin->on_elementor_init('')
#5 C:\xampp1\htdocs\wordpress\wp-includes\class-wp-hook.php(348): WP_Hook->apply_filters('', Array)
#6 C:\xampp1\htdocs\wordpress\wp-includes\plugin.php(517): WP_Hook->do_action(Array)
#7 C:\xampp1\htdocs\wordpress\wp-content\plugins\elementor\includes\plugin.php(658): do_action('elementor/init')
#8 C:\xampp1\htdocs\wordpress\wp-includes\class-wp-hook.php(324): Elementor\Plugin->init('')
#9 C:\xampp1\htdocs\wordpress\wp-includes\class-wp-hook.php(348): WP_Hook->apply_filters(NULL, Array)
#10 C:\xampp1\htdocs\wordpress\wp-includes\plugin.php(517): WP_Hook->do_action(Array)
#11 C:\xampp1\htdocs\wordpress\wp-settings.php(643): do_action('init')
#12 C:\xampp1\htdocs\wordpress\wp-config.php(96): require_once('C:\\xampp1\\htdoc...')
#13 C:\xampp1\htdocs\wordpress\wp-load.php(50): require_once('C:\\xampp1\\htdoc...')
#14 C:\xampp1\htdocs\wordpress\wp-admin\admin.php(34): require_once('C:\\xampp1\\htdoc...')
#15 C:\xampp1\htdocs\wordpress\wp-admin\index.php(10): require_once('C:\\xampp1\\htdoc...')
#16 {main}
  thrown in C:\xampp1\htdocs\wordpress\wp-content\plugins\elementor-pro\modules\forms\classes\ajax-handler.php on line 33

2024-02-26T15:40:44+00:00 CRITICAL Uncaught Error: Call to undefined method Elementor\Utils::is_ajax() in C:\xampp1\htdocs\wordpress\wp-content\plugins\elementor-pro\modules\forms\classes\ajax-handler.php:33
Stack trace:
#0 C:\xampp1\htdocs\wordpress\wp-content\plugins\elementor-pro\modules\forms\module.php(176): ElementorPro\Modules\Forms\Classes\Ajax_Handler::is_form_submitted()
#1 C:\xampp1\htdocs\wordpress\wp-content\plugins\elementor\core\base\module.php(85): ElementorPro\Modules\Forms\Module->__construct()
#2 C:\xampp1\htdocs\wordpress\wp-content\plugins\elementor-pro\includes\modules-manager.php(58): Elementor\Core\Base\Module::instance()
#3 C:\xampp1\htdocs\wordpress\wp-content\plugins\elementor-pro\plugin.php(319): ElementorPro\Manager->__construct()
#4 C:\xampp1\htdocs\wordpress\wp-includes\class-wp-hook.php(324): ElementorPro\Plugin->on_elementor_init('')
#5 C:\xampp1\htdocs\wordpress\wp-includes\class-wp-hook.php(348): WP_Hook->apply_filters('', Array)
#6 C:\xampp1\htdocs\wordpress\wp-includes\plugin.php(517): WP_Hook->do_action(Array)
#7 C:\xampp1\htdocs\wordpress\wp-content\plugins\elementor\includes\plugin.php(658): do_action('elementor/init')
#8 C:\xampp1\htdocs\wordpress\wp-includes\class-wp-hook.php(324): Elementor\Plugin->init('')
#9 C:\xampp1\htdocs\wordpress\wp-includes\class-wp-hook.php(348): WP_Hook->apply_filters(NULL, Array)
#10 C:\xampp1\htdocs\wordpress\wp-includes\plugin.php(517): WP_Hook->do_action(Array)
#11 C:\xampp1\htdocs\wordpress\wp-settings.php(643): do_action('init')
#12 C:\xampp1\htdocs\wordpress\wp-config.php(96): require_once('C:\\xampp1\\htdoc...')
#13 C:\xampp1\htdocs\wordpress\wp-load.php(50): require_once('C:\\xampp1\\htdoc...')
#14 C:\xampp1\htdocs\wordpress\wp-admin\admin.php(34): require_once('C:\\xampp1\\htdoc...')
#15 C:\xampp1\htdocs\wordpress\wp-admin\index.php(10): require_once('C:\\xampp1\\htdoc...')
#16 {main}
  thrown in C:\xampp1\htdocs\wordpress\wp-content\plugins\elementor-pro\modules\forms\classes\ajax-handler.php on line 33

2024-02-26T15:40:53+00:00 CRITICAL Uncaught Error: Call to undefined method Elementor\Utils::is_ajax() in C:\xampp1\htdocs\wordpress\wp-content\plugins\elementor-pro\modules\forms\classes\ajax-handler.php:33
Stack trace:
#0 C:\xampp1\htdocs\wordpress\wp-content\plugins\elementor-pro\modules\forms\module.php(176): ElementorPro\Modules\Forms\Classes\Ajax_Handler::is_form_submitted()
#1 C:\xampp1\htdocs\wordpress\wp-content\plugins\elementor\core\base\module.php(85): ElementorPro\Modules\Forms\Module->__construct()
#2 C:\xampp1\htdocs\wordpress\wp-content\plugins\elementor-pro\includes\modules-manager.php(58): Elementor\Core\Base\Module::instance()
#3 C:\xampp1\htdocs\wordpress\wp-content\plugins\elementor-pro\plugin.php(319): ElementorPro\Manager->__construct()
#4 C:\xampp1\htdocs\wordpress\wp-includes\class-wp-hook.php(324): ElementorPro\Plugin->on_elementor_init('')
#5 C:\xampp1\htdocs\wordpress\wp-includes\class-wp-hook.php(348): WP_Hook->apply_filters('', Array)
#6 C:\xampp1\htdocs\wordpress\wp-includes\plugin.php(517): WP_Hook->do_action(Array)
#7 C:\xampp1\htdocs\wordpress\wp-content\plugins\elementor\includes\plugin.php(658): do_action('elementor/init')
#8 C:\xampp1\htdocs\wordpress\wp-includes\class-wp-hook.php(324): Elementor\Plugin->init('')
#9 C:\xampp1\htdocs\wordpress\wp-includes\class-wp-hook.php(348): WP_Hook->apply_filters(NULL, Array)
#10 C:\xampp1\htdocs\wordpress\wp-includes\plugin.php(517): WP_Hook->do_action(Array)
#11 C:\xampp1\htdocs\wordpress\wp-settings.php(643): do_action('init')
#12 C:\xampp1\htdocs\wordpress\wp-config.php(96): require_once('C:\\xampp1\\htdoc...')
#13 C:\xampp1\htdocs\wordpress\wp-load.php(50): require_once('C:\\xampp1\\htdoc...')
#14 C:\xampp1\htdocs\wordpress\wp-admin\admin.php(34): require_once('C:\\xampp1\\htdoc...')
#15 C:\xampp1\htdocs\wordpress\wp-admin\index.php(10): require_once('C:\\xampp1\\htdoc...')
#16 {main}
  thrown in C:\xampp1\htdocs\wordpress\wp-content\plugins\elementor-pro\modules\forms\classes\ajax-handler.php on line 33

2024-02-26T15:41:03+00:00 CRITICAL Uncaught Error: Call to undefined method Elementor\Utils::is_ajax() in C:\xampp1\htdocs\wordpress\wp-content\plugins\elementor-pro\modules\forms\classes\ajax-handler.php:33
Stack trace:
#0 C:\xampp1\htdocs\wordpress\wp-content\plugins\elementor-pro\modules\forms\module.php(176): ElementorPro\Modules\Forms\Classes\Ajax_Handler::is_form_submitted()
#1 C:\xampp1\htdocs\wordpress\wp-content\plugins\elementor\core\base\module.php(85): ElementorPro\Modules\Forms\Module->__construct()
#2 C:\xampp1\htdocs\wordpress\wp-content\plugins\elementor-pro\includes\modules-manager.php(58): Elementor\Core\Base\Module::instance()
#3 C:\xampp1\htdocs\wordpress\wp-content\plugins\elementor-pro\plugin.php(319): ElementorPro\Manager->__construct()
#4 C:\xampp1\htdocs\wordpress\wp-includes\class-wp-hook.php(324): ElementorPro\Plugin->on_elementor_init('')
#5 C:\xampp1\htdocs\wordpress\wp-includes\class-wp-hook.php(348): WP_Hook->apply_filters('', Array)
#6 C:\xampp1\htdocs\wordpress\wp-includes\plugin.php(517): WP_Hook->do_action(Array)
#7 C:\xampp1\htdocs\wordpress\wp-content\plugins\elementor\includes\plugin.php(658): do_action('elementor/init')
#8 C:\xampp1\htdocs\wordpress\wp-includes\class-wp-hook.php(324): Elementor\Plugin->init('')
#9 C:\xampp1\htdocs\wordpress\wp-includes\class-wp-hook.php(348): WP_Hook->apply_filters(NULL, Array)
#10 C:\xampp1\htdocs\wordpress\wp-includes\plugin.php(517): WP_Hook->do_action(Array)
#11 C:\xampp1\htdocs\wordpress\wp-settings.php(643): do_action('init')
#12 C:\xampp1\htdocs\wordpress\wp-config.php(96): require_once('C:\\xampp1\\htdoc...')
#13 C:\xampp1\htdocs\wordpress\wp-load.php(50): require_once('C:\\xampp1\\htdoc...')
#14 C:\xampp1\htdocs\wordpress\wp-admin\admin.php(34): require_once('C:\\xampp1\\htdoc...')
#15 C:\xampp1\htdocs\wordpress\wp-admin\index.php(10): require_once('C:\\xampp1\\htdoc...')
#16 {main}
  thrown in C:\xampp1\htdocs\wordpress\wp-content\plugins\elementor-pro\modules\forms\classes\ajax-handler.php on line 33

2024-02-26T15:41:06+00:00 CRITICAL Uncaught Error: Call to undefined method Elementor\Utils::is_ajax() in C:\xampp1\htdocs\wordpress\wp-content\plugins\elementor-pro\modules\forms\classes\ajax-handler.php:33
Stack trace:
#0 C:\xampp1\htdocs\wordpress\wp-content\plugins\elementor-pro\modules\forms\module.php(176): ElementorPro\Modules\Forms\Classes\Ajax_Handler::is_form_submitted()
#1 C:\xampp1\htdocs\wordpress\wp-content\plugins\elementor\core\base\module.php(85): ElementorPro\Modules\Forms\Module->__construct()
#2 C:\xampp1\htdocs\wordpress\wp-content\plugins\elementor-pro\includes\modules-manager.php(58): Elementor\Core\Base\Module::instance()
#3 C:\xampp1\htdocs\wordpress\wp-content\plugins\elementor-pro\plugin.php(319): ElementorPro\Manager->__construct()
#4 C:\xampp1\htdocs\wordpress\wp-includes\class-wp-hook.php(324): ElementorPro\Plugin->on_elementor_init('')
#5 C:\xampp1\htdocs\wordpress\wp-includes\class-wp-hook.php(348): WP_Hook->apply_filters('', Array)
#6 C:\xampp1\htdocs\wordpress\wp-includes\plugin.php(517): WP_Hook->do_action(Array)
#7 C:\xampp1\htdocs\wordpress\wp-content\plugins\elementor\includes\plugin.php(658): do_action('elementor/init')
#8 C:\xampp1\htdocs\wordpress\wp-includes\class-wp-hook.php(324): Elementor\Plugin->init('')
#9 C:\xampp1\htdocs\wordpress\wp-includes\class-wp-hook.php(348): WP_Hook->apply_filters(NULL, Array)
#10 C:\xampp1\htdocs\wordpress\wp-includes\plugin.php(517): WP_Hook->do_action(Array)
#11 C:\xampp1\htdocs\wordpress\wp-settings.php(643): do_action('init')
#12 C:\xampp1\htdocs\wordpress\wp-config.php(96): require_once('C:\\xampp1\\htdoc...')
#13 C:\xampp1\htdocs\wordpress\wp-load.php(50): require_once('C:\\xampp1\\htdoc...')
#14 C:\xampp1\htdocs\wordpress\wp-admin\admin.php(34): require_once('C:\\xampp1\\htdoc...')
#15 C:\xampp1\htdocs\wordpress\wp-admin\index.php(10): require_once('C:\\xampp1\\htdoc...')
#16 {main}
  thrown in C:\xampp1\htdocs\wordpress\wp-content\plugins\elementor-pro\modules\forms\classes\ajax-handler.php on line 33

2024-02-26T15:41:11+00:00 CRITICAL Uncaught Error: Call to undefined method Elementor\Utils::is_ajax() in C:\xampp1\htdocs\wordpress\wp-content\plugins\elementor-pro\modules\forms\classes\ajax-handler.php:33
Stack trace:
#0 C:\xampp1\htdocs\wordpress\wp-content\plugins\elementor-pro\modules\forms\module.php(176): ElementorPro\Modules\Forms\Classes\Ajax_Handler::is_form_submitted()
#1 C:\xampp1\htdocs\wordpress\wp-content\plugins\elementor\core\base\module.php(85): ElementorPro\Modules\Forms\Module->__construct()
#2 C:\xampp1\htdocs\wordpress\wp-content\plugins\elementor-pro\includes\modules-manager.php(58): Elementor\Core\Base\Module::instance()
#3 C:\xampp1\htdocs\wordpress\wp-content\plugins\elementor-pro\plugin.php(319): ElementorPro\Manager->__construct()
#4 C:\xampp1\htdocs\wordpress\wp-includes\class-wp-hook.php(324): ElementorPro\Plugin->on_elementor_init('')
#5 C:\xampp1\htdocs\wordpress\wp-includes\class-wp-hook.php(348): WP_Hook->apply_filters('', Array)
#6 C:\xampp1\htdocs\wordpress\wp-includes\plugin.php(517): WP_Hook->do_action(Array)
#7 C:\xampp1\htdocs\wordpress\wp-content\plugins\elementor\includes\plugin.php(658): do_action('elementor/init')
#8 C:\xampp1\htdocs\wordpress\wp-includes\class-wp-hook.php(324): Elementor\Plugin->init('')
#9 C:\xampp1\htdocs\wordpress\wp-includes\class-wp-hook.php(348): WP_Hook->apply_filters(NULL, Array)
#10 C:\xampp1\htdocs\wordpress\wp-includes\plugin.php(517): WP_Hook->do_action(Array)
#11 C:\xampp1\htdocs\wordpress\wp-settings.php(643): do_action('init')
#12 C:\xampp1\htdocs\wordpress\wp-config.php(96): require_once('C:\\xampp1\\htdoc...')
#13 C:\xampp1\htdocs\wordpress\wp-load.php(50): require_once('C:\\xampp1\\htdoc...')
#14 C:\xampp1\htdocs\wordpress\wp-admin\admin.php(34): require_once('C:\\xampp1\\htdoc...')
#15 C:\xampp1\htdocs\wordpress\wp-admin\index.php(10): require_once('C:\\xampp1\\htdoc...')
#16 {main}
  thrown in C:\xampp1\htdocs\wordpress\wp-content\plugins\elementor-pro\modules\forms\classes\ajax-handler.php on line 33

2024-02-26T15:43:08+00:00 CRITICAL Uncaught Error: Call to undefined method Elementor\Utils::is_ajax() in C:\xampp1\htdocs\wordpress\wp-content\plugins\elementor-pro\modules\forms\classes\ajax-handler.php:33
Stack trace:
#0 C:\xampp1\htdocs\wordpress\wp-content\plugins\elementor-pro\modules\forms\module.php(176): ElementorPro\Modules\Forms\Classes\Ajax_Handler::is_form_submitted()
#1 C:\xampp1\htdocs\wordpress\wp-content\plugins\elementor\core\base\module.php(85): ElementorPro\Modules\Forms\Module->__construct()
#2 C:\xampp1\htdocs\wordpress\wp-content\plugins\elementor-pro\includes\modules-manager.php(58): Elementor\Core\Base\Module::instance()
#3 C:\xampp1\htdocs\wordpress\wp-content\plugins\elementor-pro\plugin.php(319): ElementorPro\Manager->__construct()
#4 C:\xampp1\htdocs\wordpress\wp-includes\class-wp-hook.php(324): ElementorPro\Plugin->on_elementor_init('')
#5 C:\xampp1\htdocs\wordpress\wp-includes\class-wp-hook.php(348): WP_Hook->apply_filters('', Array)
#6 C:\xampp1\htdocs\wordpress\wp-includes\plugin.php(517): WP_Hook->do_action(Array)
#7 C:\xampp1\htdocs\wordpress\wp-content\plugins\elementor\includes\plugin.php(658): do_action('elementor/init')
#8 C:\xampp1\htdocs\wordpress\wp-includes\class-wp-hook.php(324): Elementor\Plugin->init('')
#9 C:\xampp1\htdocs\wordpress\wp-includes\class-wp-hook.php(348): WP_Hook->apply_filters(NULL, Array)
#10 C:\xampp1\htdocs\wordpress\wp-includes\plugin.php(517): WP_Hook->do_action(Array)
#11 C:\xampp1\htdocs\wordpress\wp-settings.php(643): do_action('init')
#12 C:\xampp1\htdocs\wordpress\wp-config.php(96): require_once('C:\\xampp1\\htdoc...')
#13 C:\xampp1\htdocs\wordpress\wp-load.php(50): require_once('C:\\xampp1\\htdoc...')
#14 C:\xampp1\htdocs\wordpress\wp-admin\admin.php(34): require_once('C:\\xampp1\\htdoc...')
#15 C:\xampp1\htdocs\wordpress\wp-admin\index.php(10): require_once('C:\\xampp1\\htdoc...')
#16 {main}
  thrown in C:\xampp1\htdocs\wordpress\wp-content\plugins\elementor-pro\modules\forms\classes\ajax-handler.php on line 33

2024-02-26T15:44:37+00:00 CRITICAL Uncaught Error: Call to undefined method Elementor\Utils::is_ajax() in C:\xampp1\htdocs\wordpress\wp-content\plugins\elementor-pro\modules\forms\classes\ajax-handler.php:33
Stack trace:
#0 C:\xampp1\htdocs\wordpress\wp-content\plugins\elementor-pro\modules\forms\module.php(176): ElementorPro\Modules\Forms\Classes\Ajax_Handler::is_form_submitted()
#1 C:\xampp1\htdocs\wordpress\wp-content\plugins\elementor\core\base\module.php(85): ElementorPro\Modules\Forms\Module->__construct()
#2 C:\xampp1\htdocs\wordpress\wp-content\plugins\elementor-pro\includes\modules-manager.php(58): Elementor\Core\Base\Module::instance()
#3 C:\xampp1\htdocs\wordpress\wp-content\plugins\elementor-pro\plugin.php(319): ElementorPro\Manager->__construct()
#4 C:\xampp1\htdocs\wordpress\wp-includes\class-wp-hook.php(324): ElementorPro\Plugin->on_elementor_init('')
#5 C:\xampp1\htdocs\wordpress\wp-includes\class-wp-hook.php(348): WP_Hook->apply_filters('', Array)
#6 C:\xampp1\htdocs\wordpress\wp-includes\plugin.php(517): WP_Hook->do_action(Array)
#7 C:\xampp1\htdocs\wordpress\wp-content\plugins\elementor\includes\plugin.php(658): do_action('elementor/init')
#8 C:\xampp1\htdocs\wordpress\wp-includes\class-wp-hook.php(324): Elementor\Plugin->init('')
#9 C:\xampp1\htdocs\wordpress\wp-includes\class-wp-hook.php(348): WP_Hook->apply_filters(NULL, Array)
#10 C:\xampp1\htdocs\wordpress\wp-includes\plugin.php(517): WP_Hook->do_action(Array)
#11 C:\xampp1\htdocs\wordpress\wp-settings.php(643): do_action('init')
#12 C:\xampp1\htdocs\wordpress\wp-config.php(96): require_once('C:\\xampp1\\htdoc...')
#13 C:\xampp1\htdocs\wordpress\wp-load.php(50): require_once('C:\\xampp1\\htdoc...')
#14 C:\xampp1\htdocs\wordpress\wp-admin\admin.php(34): require_once('C:\\xampp1\\htdoc...')
#15 C:\xampp1\htdocs\wordpress\wp-admin\index.php(10): require_once('C:\\xampp1\\htdoc...')
#16 {main}
  thrown in C:\xampp1\htdocs\wordpress\wp-content\plugins\elementor-pro\modules\forms\classes\ajax-handler.php on line 33

2024-02-26T15:44:40+00:00 CRITICAL Uncaught Error: Call to undefined method Elementor\Utils::is_ajax() in C:\xampp1\htdocs\wordpress\wp-content\plugins\elementor-pro\modules\forms\classes\ajax-handler.php:33
Stack trace:
#0 C:\xampp1\htdocs\wordpress\wp-content\plugins\elementor-pro\modules\forms\module.php(176): ElementorPro\Modules\Forms\Classes\Ajax_Handler::is_form_submitted()
#1 C:\xampp1\htdocs\wordpress\wp-content\plugins\elementor\core\base\module.php(85): ElementorPro\Modules\Forms\Module->__construct()
#2 C:\xampp1\htdocs\wordpress\wp-content\plugins\elementor-pro\includes\modules-manager.php(58): Elementor\Core\Base\Module::instance()
#3 C:\xampp1\htdocs\wordpress\wp-content\plugins\elementor-pro\plugin.php(319): ElementorPro\Manager->__construct()
#4 C:\xampp1\htdocs\wordpress\wp-includes\class-wp-hook.php(324): ElementorPro\Plugin->on_elementor_init('')
#5 C:\xampp1\htdocs\wordpress\wp-includes\class-wp-hook.php(348): WP_Hook->apply_filters('', Array)
#6 C:\xampp1\htdocs\wordpress\wp-includes\plugin.php(517): WP_Hook->do_action(Array)
#7 C:\xampp1\htdocs\wordpress\wp-content\plugins\elementor\includes\plugin.php(658): do_action('elementor/init')
#8 C:\xampp1\htdocs\wordpress\wp-includes\class-wp-hook.php(324): Elementor\Plugin->init('')
#9 C:\xampp1\htdocs\wordpress\wp-includes\class-wp-hook.php(348): WP_Hook->apply_filters(NULL, Array)
#10 C:\xampp1\htdocs\wordpress\wp-includes\plugin.php(517): WP_Hook->do_action(Array)
#11 C:\xampp1\htdocs\wordpress\wp-settings.php(643): do_action('init')
#12 C:\xampp1\htdocs\wordpress\wp-config.php(96): require_once('C:\\xampp1\\htdoc...')
#13 C:\xampp1\htdocs\wordpress\wp-load.php(50): require_once('C:\\xampp1\\htdoc...')
#14 C:\xampp1\htdocs\wordpress\wp-admin\admin.php(34): require_once('C:\\xampp1\\htdoc...')
#15 C:\xampp1\htdocs\wordpress\wp-admin\index.php(10): require_once('C:\\xampp1\\htdoc...')
#16 {main}
  thrown in C:\xampp1\htdocs\wordpress\wp-content\plugins\elementor-pro\modules\forms\classes\ajax-handler.php on line 33

2024-02-26T15:45:32+00:00 CRITICAL Uncaught Error: Call to undefined method Elementor\Utils::is_ajax() in C:\xampp1\htdocs\wordpress\wp-content\plugins\elementor-pro\modules\forms\classes\ajax-handler.php:33
Stack trace:
#0 C:\xampp1\htdocs\wordpress\wp-content\plugins\elementor-pro\modules\forms\module.php(176): ElementorPro\Modules\Forms\Classes\Ajax_Handler::is_form_submitted()
#1 C:\xampp1\htdocs\wordpress\wp-content\plugins\elementor\core\base\module.php(85): ElementorPro\Modules\Forms\Module->__construct()
#2 C:\xampp1\htdocs\wordpress\wp-content\plugins\elementor-pro\includes\modules-manager.php(58): Elementor\Core\Base\Module::instance()
#3 C:\xampp1\htdocs\wordpress\wp-content\plugins\elementor-pro\plugin.php(319): ElementorPro\Manager->__construct()
#4 C:\xampp1\htdocs\wordpress\wp-includes\class-wp-hook.php(324): ElementorPro\Plugin->on_elementor_init('')
#5 C:\xampp1\htdocs\wordpress\wp-includes\class-wp-hook.php(348): WP_Hook->apply_filters('', Array)
#6 C:\xampp1\htdocs\wordpress\wp-includes\plugin.php(517): WP_Hook->do_action(Array)
#7 C:\xampp1\htdocs\wordpress\wp-content\plugins\elementor\includes\plugin.php(658): do_action('elementor/init')
#8 C:\xampp1\htdocs\wordpress\wp-includes\class-wp-hook.php(324): Elementor\Plugin->init('')
#9 C:\xampp1\htdocs\wordpress\wp-includes\class-wp-hook.php(348): WP_Hook->apply_filters(NULL, Array)
#10 C:\xampp1\htdocs\wordpress\wp-includes\plugin.php(517): WP_Hook->do_action(Array)
#11 C:\xampp1\htdocs\wordpress\wp-settings.php(643): do_action('init')
#12 C:\xampp1\htdocs\wordpress\wp-config.php(96): require_once('C:\\xampp1\\htdoc...')
#13 C:\xampp1\htdocs\wordpress\wp-load.php(50): require_once('C:\\xampp1\\htdoc...')
#14 C:\xampp1\htdocs\wordpress\wp-admin\admin.php(34): require_once('C:\\xampp1\\htdoc...')
#15 C:\xampp1\htdocs\wordpress\wp-admin\index.php(10): require_once('C:\\xampp1\\htdoc...')
#16 {main}
  thrown in C:\xampp1\htdocs\wordpress\wp-content\plugins\elementor-pro\modules\forms\classes\ajax-handler.php on line 33

2024-02-26T15:45:41+00:00 CRITICAL Uncaught Error: Call to undefined method Elementor\Utils::is_ajax() in C:\xampp1\htdocs\wordpress\wp-content\plugins\elementor-pro\modules\forms\classes\ajax-handler.php:33
Stack trace:
#0 C:\xampp1\htdocs\wordpress\wp-content\plugins\elementor-pro\modules\forms\module.php(176): ElementorPro\Modules\Forms\Classes\Ajax_Handler::is_form_submitted()
#1 C:\xampp1\htdocs\wordpress\wp-content\plugins\elementor\core\base\module.php(85): ElementorPro\Modules\Forms\Module->__construct()
#2 C:\xampp1\htdocs\wordpress\wp-content\plugins\elementor-pro\includes\modules-manager.php(58): Elementor\Core\Base\Module::instance()
#3 C:\xampp1\htdocs\wordpress\wp-content\plugins\elementor-pro\plugin.php(319): ElementorPro\Manager->__construct()
#4 C:\xampp1\htdocs\wordpress\wp-includes\class-wp-hook.php(324): ElementorPro\Plugin->on_elementor_init('')
#5 C:\xampp1\htdocs\wordpress\wp-includes\class-wp-hook.php(348): WP_Hook->apply_filters('', Array)
#6 C:\xampp1\htdocs\wordpress\wp-includes\plugin.php(517): WP_Hook->do_action(Array)
#7 C:\xampp1\htdocs\wordpress\wp-content\plugins\elementor\includes\plugin.php(658): do_action('elementor/init')
#8 C:\xampp1\htdocs\wordpress\wp-includes\class-wp-hook.php(324): Elementor\Plugin->init('')
#9 C:\xampp1\htdocs\wordpress\wp-includes\class-wp-hook.php(348): WP_Hook->apply_filters(NULL, Array)
#10 C:\xampp1\htdocs\wordpress\wp-includes\plugin.php(517): WP_Hook->do_action(Array)
#11 C:\xampp1\htdocs\wordpress\wp-settings.php(643): do_action('init')
#12 C:\xampp1\htdocs\wordpress\wp-config.php(96): require_once('C:\\xampp1\\htdoc...')
#13 C:\xampp1\htdocs\wordpress\wp-load.php(50): require_once('C:\\xampp1\\htdoc...')
#14 C:\xampp1\htdocs\wordpress\wp-admin\admin.php(34): require_once('C:\\xampp1\\htdoc...')
#15 C:\xampp1\htdocs\wordpress\wp-admin\index.php(10): require_once('C:\\xampp1\\htdoc...')
#16 {main}
  thrown in C:\xampp1\htdocs\wordpress\wp-content\plugins\elementor-pro\modules\forms\classes\ajax-handler.php on line 33

2024-02-26T15:46:50+00:00 CRITICAL Uncaught Error: Call to undefined method Elementor\Utils::is_ajax() in C:\xampp1\htdocs\wordpress\wp-content\plugins\elementor-pro\modules\forms\classes\ajax-handler.php:33
Stack trace:
#0 C:\xampp1\htdocs\wordpress\wp-content\plugins\elementor-pro\modules\forms\module.php(176): ElementorPro\Modules\Forms\Classes\Ajax_Handler::is_form_submitted()
#1 C:\xampp1\htdocs\wordpress\wp-content\plugins\elementor\core\base\module.php(85): ElementorPro\Modules\Forms\Module->__construct()
#2 C:\xampp1\htdocs\wordpress\wp-content\plugins\elementor-pro\includes\modules-manager.php(58): Elementor\Core\Base\Module::instance()
#3 C:\xampp1\htdocs\wordpress\wp-content\plugins\elementor-pro\plugin.php(319): ElementorPro\Manager->__construct()
#4 C:\xampp1\htdocs\wordpress\wp-includes\class-wp-hook.php(324): ElementorPro\Plugin->on_elementor_init('')
#5 C:\xampp1\htdocs\wordpress\wp-includes\class-wp-hook.php(348): WP_Hook->apply_filters('', Array)
#6 C:\xampp1\htdocs\wordpress\wp-includes\plugin.php(517): WP_Hook->do_action(Array)
#7 C:\xampp1\htdocs\wordpress\wp-content\plugins\elementor\includes\plugin.php(658): do_action('elementor/init')
#8 C:\xampp1\htdocs\wordpress\wp-includes\class-wp-hook.php(324): Elementor\Plugin->init('')
#9 C:\xampp1\htdocs\wordpress\wp-includes\class-wp-hook.php(348): WP_Hook->apply_filters(NULL, Array)
#10 C:\xampp1\htdocs\wordpress\wp-includes\plugin.php(517): WP_Hook->do_action(Array)
#11 C:\xampp1\htdocs\wordpress\wp-settings.php(643): do_action('init')
#12 C:\xampp1\htdocs\wordpress\wp-config.php(96): require_once('C:\\xampp1\\htdoc...')
#13 C:\xampp1\htdocs\wordpress\wp-load.php(50): require_once('C:\\xampp1\\htdoc...')
#14 C:\xampp1\htdocs\wordpress\wp-admin\admin.php(34): require_once('C:\\xampp1\\htdoc...')
#15 C:\xampp1\htdocs\wordpress\wp-admin\index.php(10): require_once('C:\\xampp1\\htdoc...')
#16 {main}
  thrown in C:\xampp1\htdocs\wordpress\wp-content\plugins\elementor-pro\modules\forms\classes\ajax-handler.php on line 33

2024-02-26T15:46:52+00:00 CRITICAL Uncaught Error: Call to undefined method Elementor\Utils::is_ajax() in C:\xampp1\htdocs\wordpress\wp-content\plugins\elementor-pro\modules\forms\classes\ajax-handler.php:33
Stack trace:
#0 C:\xampp1\htdocs\wordpress\wp-content\plugins\elementor-pro\modules\forms\module.php(176): ElementorPro\Modules\Forms\Classes\Ajax_Handler::is_form_submitted()
#1 C:\xampp1\htdocs\wordpress\wp-content\plugins\elementor\core\base\module.php(85): ElementorPro\Modules\Forms\Module->__construct()
#2 C:\xampp1\htdocs\wordpress\wp-content\plugins\elementor-pro\includes\modules-manager.php(58): Elementor\Core\Base\Module::instance()
#3 C:\xampp1\htdocs\wordpress\wp-content\plugins\elementor-pro\plugin.php(319): ElementorPro\Manager->__construct()
#4 C:\xampp1\htdocs\wordpress\wp-includes\class-wp-hook.php(324): ElementorPro\Plugin->on_elementor_init('')
#5 C:\xampp1\htdocs\wordpress\wp-includes\class-wp-hook.php(348): WP_Hook->apply_filters('', Array)
#6 C:\xampp1\htdocs\wordpress\wp-includes\plugin.php(517): WP_Hook->do_action(Array)
#7 C:\xampp1\htdocs\wordpress\wp-content\plugins\elementor\includes\plugin.php(658): do_action('elementor/init')
#8 C:\xampp1\htdocs\wordpress\wp-includes\class-wp-hook.php(324): Elementor\Plugin->init('')
#9 C:\xampp1\htdocs\wordpress\wp-includes\class-wp-hook.php(348): WP_Hook->apply_filters(NULL, Array)
#10 C:\xampp1\htdocs\wordpress\wp-includes\plugin.php(517): WP_Hook->do_action(Array)
#11 C:\xampp1\htdocs\wordpress\wp-settings.php(643): do_action('init')
#12 C:\xampp1\htdocs\wordpress\wp-config.php(96): require_once('C:\\xampp1\\htdoc...')
#13 C:\xampp1\htdocs\wordpress\wp-load.php(50): require_once('C:\\xampp1\\htdoc...')
#14 C:\xampp1\htdocs\wordpress\wp-admin\admin.php(34): require_once('C:\\xampp1\\htdoc...')
#15 C:\xampp1\htdocs\wordpress\wp-admin\index.php(10): require_once('C:\\xampp1\\htdoc...')
#16 {main}
  thrown in C:\xampp1\htdocs\wordpress\wp-content\plugins\elementor-pro\modules\forms\classes\ajax-handler.php on line 33

2024-02-26T15:47:49+00:00 CRITICAL Uncaught Error: Call to undefined method Elementor\Utils::is_ajax() in C:\xampp1\htdocs\wordpress\wp-content\plugins\elementor-pro\modules\forms\classes\ajax-handler.php:33
Stack trace:
#0 C:\xampp1\htdocs\wordpress\wp-content\plugins\elementor-pro\modules\forms\module.php(176): ElementorPro\Modules\Forms\Classes\Ajax_Handler::is_form_submitted()
#1 C:\xampp1\htdocs\wordpress\wp-content\plugins\elementor\core\base\module.php(85): ElementorPro\Modules\Forms\Module->__construct()
#2 C:\xampp1\htdocs\wordpress\wp-content\plugins\elementor-pro\includes\modules-manager.php(58): Elementor\Core\Base\Module::instance()
#3 C:\xampp1\htdocs\wordpress\wp-content\plugins\elementor-pro\plugin.php(319): ElementorPro\Manager->__construct()
#4 C:\xampp1\htdocs\wordpress\wp-includes\class-wp-hook.php(324): ElementorPro\Plugin->on_elementor_init('')
#5 C:\xampp1\htdocs\wordpress\wp-includes\class-wp-hook.php(348): WP_Hook->apply_filters('', Array)
#6 C:\xampp1\htdocs\wordpress\wp-includes\plugin.php(517): WP_Hook->do_action(Array)
#7 C:\xampp1\htdocs\wordpress\wp-content\plugins\elementor\includes\plugin.php(658): do_action('elementor/init')
#8 C:\xampp1\htdocs\wordpress\wp-includes\class-wp-hook.php(324): Elementor\Plugin->init('')
#9 C:\xampp1\htdocs\wordpress\wp-includes\class-wp-hook.php(348): WP_Hook->apply_filters(NULL, Array)
#10 C:\xampp1\htdocs\wordpress\wp-includes\plugin.php(517): WP_Hook->do_action(Array)
#11 C:\xampp1\htdocs\wordpress\wp-settings.php(643): do_action('init')
#12 C:\xampp1\htdocs\wordpress\wp-config.php(96): require_once('C:\\xampp1\\htdoc...')
#13 C:\xampp1\htdocs\wordpress\wp-load.php(50): require_once('C:\\xampp1\\htdoc...')
#14 C:\xampp1\htdocs\wordpress\wp-admin\admin.php(34): require_once('C:\\xampp1\\htdoc...')
#15 C:\xampp1\htdocs\wordpress\wp-admin\index.php(10): require_once('C:\\xampp1\\htdoc...')
#16 {main}
  thrown in C:\xampp1\htdocs\wordpress\wp-content\plugins\elementor-pro\modules\forms\classes\ajax-handler.php on line 33

2024-02-26T15:50:13+00:00 CRITICAL Uncaught Error: Call to undefined method Elementor\Utils::is_ajax() in C:\xampp1\htdocs\wordpress\wp-content\plugins\elementor-pro\modules\forms\classes\ajax-handler.php:33
Stack trace:
#0 C:\xampp1\htdocs\wordpress\wp-content\plugins\elementor-pro\modules\forms\module.php(176): ElementorPro\Modules\Forms\Classes\Ajax_Handler::is_form_submitted()
#1 C:\xampp1\htdocs\wordpress\wp-content\plugins\elementor\core\base\module.php(85): ElementorPro\Modules\Forms\Module->__construct()
#2 C:\xampp1\htdocs\wordpress\wp-content\plugins\elementor-pro\includes\modules-manager.php(58): Elementor\Core\Base\Module::instance()
#3 C:\xampp1\htdocs\wordpress\wp-content\plugins\elementor-pro\plugin.php(319): ElementorPro\Manager->__construct()
#4 C:\xampp1\htdocs\wordpress\wp-includes\class-wp-hook.php(324): ElementorPro\Plugin->on_elementor_init('')
#5 C:\xampp1\htdocs\wordpress\wp-includes\class-wp-hook.php(348): WP_Hook->apply_filters('', Array)
#6 C:\xampp1\htdocs\wordpress\wp-includes\plugin.php(517): WP_Hook->do_action(Array)
#7 C:\xampp1\htdocs\wordpress\wp-content\plugins\elementor\includes\plugin.php(658): do_action('elementor/init')
#8 C:\xampp1\htdocs\wordpress\wp-includes\class-wp-hook.php(324): Elementor\Plugin->init('')
#9 C:\xampp1\htdocs\wordpress\wp-includes\class-wp-hook.php(348): WP_Hook->apply_filters(NULL, Array)
#10 C:\xampp1\htdocs\wordpress\wp-includes\plugin.php(517): WP_Hook->do_action(Array)
#11 C:\xampp1\htdocs\wordpress\wp-settings.php(643): do_action('init')
#12 C:\xampp1\htdocs\wordpress\wp-config.php(96): require_once('C:\\xampp1\\htdoc...')
#13 C:\xampp1\htdocs\wordpress\wp-load.php(50): require_once('C:\\xampp1\\htdoc...')
#14 C:\xampp1\htdocs\wordpress\wp-admin\admin.php(34): require_once('C:\\xampp1\\htdoc...')
#15 C:\xampp1\htdocs\wordpress\wp-admin\index.php(10): require_once('C:\\xampp1\\htdoc...')
#16 {main}
  thrown in C:\xampp1\htdocs\wordpress\wp-content\plugins\elementor-pro\modules\forms\classes\ajax-handler.php on line 33

2024-02-26T15:50:43+00:00 CRITICAL Uncaught Error: Call to undefined method Elementor\Utils::is_ajax() in C:\xampp1\htdocs\wordpress\wp-content\plugins\elementor-pro\modules\forms\classes\ajax-handler.php:33
Stack trace:
#0 C:\xampp1\htdocs\wordpress\wp-content\plugins\elementor-pro\modules\forms\module.php(176): ElementorPro\Modules\Forms\Classes\Ajax_Handler::is_form_submitted()
#1 C:\xampp1\htdocs\wordpress\wp-content\plugins\elementor\core\base\module.php(85): ElementorPro\Modules\Forms\Module->__construct()
#2 C:\xampp1\htdocs\wordpress\wp-content\plugins\elementor-pro\includes\modules-manager.php(58): Elementor\Core\Base\Module::instance()
#3 C:\xampp1\htdocs\wordpress\wp-content\plugins\elementor-pro\plugin.php(319): ElementorPro\Manager->__construct()
#4 C:\xampp1\htdocs\wordpress\wp-includes\class-wp-hook.php(324): ElementorPro\Plugin->on_elementor_init('')
#5 C:\xampp1\htdocs\wordpress\wp-includes\class-wp-hook.php(348): WP_Hook->apply_filters('', Array)
#6 C:\xampp1\htdocs\wordpress\wp-includes\plugin.php(517): WP_Hook->do_action(Array)
#7 C:\xampp1\htdocs\wordpress\wp-content\plugins\elementor\includes\plugin.php(658): do_action('elementor/init')
#8 C:\xampp1\htdocs\wordpress\wp-includes\class-wp-hook.php(324): Elementor\Plugin->init('')
#9 C:\xampp1\htdocs\wordpress\wp-includes\class-wp-hook.php(348): WP_Hook->apply_filters(NULL, Array)
#10 C:\xampp1\htdocs\wordpress\wp-includes\plugin.php(517): WP_Hook->do_action(Array)
#11 C:\xampp1\htdocs\wordpress\wp-settings.php(643): do_action('init')
#12 C:\xampp1\htdocs\wordpress\wp-config.php(96): require_once('C:\\xampp1\\htdoc...')
#13 C:\xampp1\htdocs\wordpress\wp-load.php(50): require_once('C:\\xampp1\\htdoc...')
#14 C:\xampp1\htdocs\wordpress\wp-admin\admin.php(34): require_once('C:\\xampp1\\htdoc...')
#15 C:\xampp1\htdocs\wordpress\wp-admin\index.php(10): require_once('C:\\xampp1\\htdoc...')
#16 {main}
  thrown in C:\xampp1\htdocs\wordpress\wp-content\plugins\elementor-pro\modules\forms\classes\ajax-handler.php on line 33

2024-02-26T15:53:03+00:00 CRITICAL Uncaught Error: Call to undefined method Elementor\Utils::is_ajax() in C:\xampp1\htdocs\wordpress\wp-content\plugins\elementor-pro\modules\forms\classes\ajax-handler.php:33
Stack trace:
#0 C:\xampp1\htdocs\wordpress\wp-content\plugins\elementor-pro\modules\forms\module.php(176): ElementorPro\Modules\Forms\Classes\Ajax_Handler::is_form_submitted()
#1 C:\xampp1\htdocs\wordpress\wp-content\plugins\elementor\core\base\module.php(85): ElementorPro\Modules\Forms\Module->__construct()
#2 C:\xampp1\htdocs\wordpress\wp-content\plugins\elementor-pro\includes\modules-manager.php(58): Elementor\Core\Base\Module::instance()
#3 C:\xampp1\htdocs\wordpress\wp-content\plugins\elementor-pro\plugin.php(319): ElementorPro\Manager->__construct()
#4 C:\xampp1\htdocs\wordpress\wp-includes\class-wp-hook.php(324): ElementorPro\Plugin->on_elementor_init('')
#5 C:\xampp1\htdocs\wordpress\wp-includes\class-wp-hook.php(348): WP_Hook->apply_filters('', Array)
#6 C:\xampp1\htdocs\wordpress\wp-includes\plugin.php(517): WP_Hook->do_action(Array)
#7 C:\xampp1\htdocs\wordpress\wp-content\plugins\elementor\includes\plugin.php(658): do_action('elementor/init')
#8 C:\xampp1\htdocs\wordpress\wp-includes\class-wp-hook.php(324): Elementor\Plugin->init('')
#9 C:\xampp1\htdocs\wordpress\wp-includes\class-wp-hook.php(348): WP_Hook->apply_filters(NULL, Array)
#10 C:\xampp1\htdocs\wordpress\wp-includes\plugin.php(517): WP_Hook->do_action(Array)
#11 C:\xampp1\htdocs\wordpress\wp-settings.php(643): do_action('init')
#12 C:\xampp1\htdocs\wordpress\wp-config.php(96): require_once('C:\\xampp1\\htdoc...')
#13 C:\xampp1\htdocs\wordpress\wp-load.php(50): require_once('C:\\xampp1\\htdoc...')
#14 C:\xampp1\htdocs\wordpress\wp-admin\admin.php(34): require_once('C:\\xampp1\\htdoc...')
#15 C:\xampp1\htdocs\wordpress\wp-admin\index.php(10): require_once('C:\\xampp1\\htdoc...')
#16 {main}
  thrown in C:\xampp1\htdocs\wordpress\wp-content\plugins\elementor-pro\modules\forms\classes\ajax-handler.php on line 33

2024-02-26T15:53:05+00:00 CRITICAL Uncaught Error: Call to undefined method Elementor\Utils::is_ajax() in C:\xampp1\htdocs\wordpress\wp-content\plugins\elementor-pro\modules\forms\classes\ajax-handler.php:33
Stack trace:
#0 C:\xampp1\htdocs\wordpress\wp-content\plugins\elementor-pro\modules\forms\module.php(176): ElementorPro\Modules\Forms\Classes\Ajax_Handler::is_form_submitted()
#1 C:\xampp1\htdocs\wordpress\wp-content\plugins\elementor\core\base\module.php(85): ElementorPro\Modules\Forms\Module->__construct()
#2 C:\xampp1\htdocs\wordpress\wp-content\plugins\elementor-pro\includes\modules-manager.php(58): Elementor\Core\Base\Module::instance()
#3 C:\xampp1\htdocs\wordpress\wp-content\plugins\elementor-pro\plugin.php(319): ElementorPro\Manager->__construct()
#4 C:\xampp1\htdocs\wordpress\wp-includes\class-wp-hook.php(324): ElementorPro\Plugin->on_elementor_init('')
#5 C:\xampp1\htdocs\wordpress\wp-includes\class-wp-hook.php(348): WP_Hook->apply_filters('', Array)
#6 C:\xampp1\htdocs\wordpress\wp-includes\plugin.php(517): WP_Hook->do_action(Array)
#7 C:\xampp1\htdocs\wordpress\wp-content\plugins\elementor\includes\plugin.php(658): do_action('elementor/init')
#8 C:\xampp1\htdocs\wordpress\wp-includes\class-wp-hook.php(324): Elementor\Plugin->init('')
#9 C:\xampp1\htdocs\wordpress\wp-includes\class-wp-hook.php(348): WP_Hook->apply_filters(NULL, Array)
#10 C:\xampp1\htdocs\wordpress\wp-includes\plugin.php(517): WP_Hook->do_action(Array)
#11 C:\xampp1\htdocs\wordpress\wp-settings.php(643): do_action('init')
#12 C:\xampp1\htdocs\wordpress\wp-config.php(96): require_once('C:\\xampp1\\htdoc...')
#13 C:\xampp1\htdocs\wordpress\wp-load.php(50): require_once('C:\\xampp1\\htdoc...')
#14 C:\xampp1\htdocs\wordpress\wp-admin\admin.php(34): require_once('C:\\xampp1\\htdoc...')
#15 C:\xampp1\htdocs\wordpress\wp-admin\index.php(10): require_once('C:\\xampp1\\htdoc...')
#16 {main}
  thrown in C:\xampp1\htdocs\wordpress\wp-content\plugins\elementor-pro\modules\forms\classes\ajax-handler.php on line 33

2024-02-26T15:53:39+00:00 CRITICAL Uncaught Error: Call to undefined method Elementor\Utils::is_ajax() in C:\xampp1\htdocs\wordpress\wp-content\plugins\elementor-pro\modules\forms\classes\ajax-handler.php:33
Stack trace:
#0 C:\xampp1\htdocs\wordpress\wp-content\plugins\elementor-pro\modules\forms\module.php(176): ElementorPro\Modules\Forms\Classes\Ajax_Handler::is_form_submitted()
#1 C:\xampp1\htdocs\wordpress\wp-content\plugins\elementor\core\base\module.php(85): ElementorPro\Modules\Forms\Module->__construct()
#2 C:\xampp1\htdocs\wordpress\wp-content\plugins\elementor-pro\includes\modules-manager.php(58): Elementor\Core\Base\Module::instance()
#3 C:\xampp1\htdocs\wordpress\wp-content\plugins\elementor-pro\plugin.php(319): ElementorPro\Manager->__construct()
#4 C:\xampp1\htdocs\wordpress\wp-includes\class-wp-hook.php(324): ElementorPro\Plugin->on_elementor_init('')
#5 C:\xampp1\htdocs\wordpress\wp-includes\class-wp-hook.php(348): WP_Hook->apply_filters('', Array)
#6 C:\xampp1\htdocs\wordpress\wp-includes\plugin.php(517): WP_Hook->do_action(Array)
#7 C:\xampp1\htdocs\wordpress\wp-content\plugins\elementor\includes\plugin.php(658): do_action('elementor/init')
#8 C:\xampp1\htdocs\wordpress\wp-includes\class-wp-hook.php(324): Elementor\Plugin->init('')
#9 C:\xampp1\htdocs\wordpress\wp-includes\class-wp-hook.php(348): WP_Hook->apply_filters(NULL, Array)
#10 C:\xampp1\htdocs\wordpress\wp-includes\plugin.php(517): WP_Hook->do_action(Array)
#11 C:\xampp1\htdocs\wordpress\wp-settings.php(643): do_action('init')
#12 C:\xampp1\htdocs\wordpress\wp-config.php(96): require_once('C:\\xampp1\\htdoc...')
#13 C:\xampp1\htdocs\wordpress\wp-load.php(50): require_once('C:\\xampp1\\htdoc...')
#14 C:\xampp1\htdocs\wordpress\wp-admin\admin.php(34): require_once('C:\\xampp1\\htdoc...')
#15 C:\xampp1\htdocs\wordpress\wp-admin\index.php(10): require_once('C:\\xampp1\\htdoc...')
#16 {main}
  thrown in C:\xampp1\htdocs\wordpress\wp-content\plugins\elementor-pro\modules\forms\classes\ajax-handler.php on line 33

2024-02-26T15:58:14+00:00 CRITICAL Uncaught Error: Call to undefined method Elementor\Utils::is_ajax() in C:\xampp1\htdocs\wordpress\wp-content\plugins\elementor-pro\modules\forms\classes\ajax-handler.php:33
Stack trace:
#0 C:\xampp1\htdocs\wordpress\wp-content\plugins\elementor-pro\modules\forms\module.php(176): ElementorPro\Modules\Forms\Classes\Ajax_Handler::is_form_submitted()
#1 C:\xampp1\htdocs\wordpress\wp-content\plugins\elementor\core\base\module.php(85): ElementorPro\Modules\Forms\Module->__construct()
#2 C:\xampp1\htdocs\wordpress\wp-content\plugins\elementor-pro\includes\modules-manager.php(58): Elementor\Core\Base\Module::instance()
#3 C:\xampp1\htdocs\wordpress\wp-content\plugins\elementor-pro\plugin.php(319): ElementorPro\Manager->__construct()
#4 C:\xampp1\htdocs\wordpress\wp-includes\class-wp-hook.php(324): ElementorPro\Plugin->on_elementor_init('')
#5 C:\xampp1\htdocs\wordpress\wp-includes\class-wp-hook.php(348): WP_Hook->apply_filters('', Array)
#6 C:\xampp1\htdocs\wordpress\wp-includes\plugin.php(517): WP_Hook->do_action(Array)
#7 C:\xampp1\htdocs\wordpress\wp-content\plugins\elementor\includes\plugin.php(658): do_action('elementor/init')
#8 C:\xampp1\htdocs\wordpress\wp-includes\class-wp-hook.php(324): Elementor\Plugin->init('')
#9 C:\xampp1\htdocs\wordpress\wp-includes\class-wp-hook.php(348): WP_Hook->apply_filters(NULL, Array)
#10 C:\xampp1\htdocs\wordpress\wp-includes\plugin.php(517): WP_Hook->do_action(Array)
#11 C:\xampp1\htdocs\wordpress\wp-settings.php(643): do_action('init')
#12 C:\xampp1\htdocs\wordpress\wp-config.php(96): require_once('C:\\xampp1\\htdoc...')
#13 C:\xampp1\htdocs\wordpress\wp-load.php(50): require_once('C:\\xampp1\\htdoc...')
#14 C:\xampp1\htdocs\wordpress\wp-admin\admin.php(34): require_once('C:\\xampp1\\htdoc...')
#15 C:\xampp1\htdocs\wordpress\wp-admin\index.php(10): require_once('C:\\xampp1\\htdoc...')
#16 {main}
  thrown in C:\xampp1\htdocs\wordpress\wp-content\plugins\elementor-pro\modules\forms\classes\ajax-handler.php on line 33

2024-02-26T15:58:22+00:00 CRITICAL Uncaught Error: Call to undefined method Elementor\Utils::is_ajax() in C:\xampp1\htdocs\wordpress\wp-content\plugins\elementor-pro\modules\forms\classes\ajax-handler.php:33
Stack trace:
#0 C:\xampp1\htdocs\wordpress\wp-content\plugins\elementor-pro\modules\forms\module.php(176): ElementorPro\Modules\Forms\Classes\Ajax_Handler::is_form_submitted()
#1 C:\xampp1\htdocs\wordpress\wp-content\plugins\elementor\core\base\module.php(85): ElementorPro\Modules\Forms\Module->__construct()
#2 C:\xampp1\htdocs\wordpress\wp-content\plugins\elementor-pro\includes\modules-manager.php(58): Elementor\Core\Base\Module::instance()
#3 C:\xampp1\htdocs\wordpress\wp-content\plugins\elementor-pro\plugin.php(319): ElementorPro\Manager->__construct()
#4 C:\xampp1\htdocs\wordpress\wp-includes\class-wp-hook.php(324): ElementorPro\Plugin->on_elementor_init('')
#5 C:\xampp1\htdocs\wordpress\wp-includes\class-wp-hook.php(348): WP_Hook->apply_filters('', Array)
#6 C:\xampp1\htdocs\wordpress\wp-includes\plugin.php(517): WP_Hook->do_action(Array)
#7 C:\xampp1\htdocs\wordpress\wp-content\plugins\elementor\includes\plugin.php(658): do_action('elementor/init')
#8 C:\xampp1\htdocs\wordpress\wp-includes\class-wp-hook.php(324): Elementor\Plugin->init('')
#9 C:\xampp1\htdocs\wordpress\wp-includes\class-wp-hook.php(348): WP_Hook->apply_filters(NULL, Array)
#10 C:\xampp1\htdocs\wordpress\wp-includes\plugin.php(517): WP_Hook->do_action(Array)
#11 C:\xampp1\htdocs\wordpress\wp-settings.php(643): do_action('init')
#12 C:\xampp1\htdocs\wordpress\wp-config.php(96): require_once('C:\\xampp1\\htdoc...')
#13 C:\xampp1\htdocs\wordpress\wp-load.php(50): require_once('C:\\xampp1\\htdoc...')
#14 C:\xampp1\htdocs\wordpress\wp-admin\admin.php(34): require_once('C:\\xampp1\\htdoc...')
#15 C:\xampp1\htdocs\wordpress\wp-admin\index.php(10): require_once('C:\\xampp1\\htdoc...')
#16 {main}
  thrown in C:\xampp1\htdocs\wordpress\wp-content\plugins\elementor-pro\modules\forms\classes\ajax-handler.php on line 33

2024-02-26T15:58:28+00:00 CRITICAL Uncaught Error: Call to undefined method Elementor\Utils::is_ajax() in C:\xampp1\htdocs\wordpress\wp-content\plugins\elementor-pro\modules\forms\classes\ajax-handler.php:33
Stack trace:
#0 C:\xampp1\htdocs\wordpress\wp-content\plugins\elementor-pro\modules\forms\module.php(176): ElementorPro\Modules\Forms\Classes\Ajax_Handler::is_form_submitted()
#1 C:\xampp1\htdocs\wordpress\wp-content\plugins\elementor\core\base\module.php(85): ElementorPro\Modules\Forms\Module->__construct()
#2 C:\xampp1\htdocs\wordpress\wp-content\plugins\elementor-pro\includes\modules-manager.php(58): Elementor\Core\Base\Module::instance()
#3 C:\xampp1\htdocs\wordpress\wp-content\plugins\elementor-pro\plugin.php(319): ElementorPro\Manager->__construct()
#4 C:\xampp1\htdocs\wordpress\wp-includes\class-wp-hook.php(324): ElementorPro\Plugin->on_elementor_init('')
#5 C:\xampp1\htdocs\wordpress\wp-includes\class-wp-hook.php(348): WP_Hook->apply_filters('', Array)
#6 C:\xampp1\htdocs\wordpress\wp-includes\plugin.php(517): WP_Hook->do_action(Array)
#7 C:\xampp1\htdocs\wordpress\wp-content\plugins\elementor\includes\plugin.php(658): do_action('elementor/init')
#8 C:\xampp1\htdocs\wordpress\wp-includes\class-wp-hook.php(324): Elementor\Plugin->init('')
#9 C:\xampp1\htdocs\wordpress\wp-includes\class-wp-hook.php(348): WP_Hook->apply_filters(NULL, Array)
#10 C:\xampp1\htdocs\wordpress\wp-includes\plugin.php(517): WP_Hook->do_action(Array)
#11 C:\xampp1\htdocs\wordpress\wp-settings.php(643): do_action('init')
#12 C:\xampp1\htdocs\wordpress\wp-config.php(96): require_once('C:\\xampp1\\htdoc...')
#13 C:\xampp1\htdocs\wordpress\wp-load.php(50): require_once('C:\\xampp1\\htdoc...')
#14 C:\xampp1\htdocs\wordpress\wp-blog-header.php(13): require_once('C:\\xampp1\\htdoc...')
#15 C:\xampp1\htdocs\wordpress\index.php(17): require('C:\\xampp1\\htdoc...')
#16 {main}
  thrown in C:\xampp1\htdocs\wordpress\wp-content\plugins\elementor-pro\modules\forms\classes\ajax-handler.php on line 33

2024-02-26T16:00:45+00:00 CRITICAL Uncaught Error: Call to undefined method Elementor\Utils::is_ajax() in C:\xampp1\htdocs\wordpress\wp-content\plugins\elementor-pro\modules\forms\classes\ajax-handler.php:33
Stack trace:
#0 C:\xampp1\htdocs\wordpress\wp-content\plugins\elementor-pro\modules\forms\module.php(176): ElementorPro\Modules\Forms\Classes\Ajax_Handler::is_form_submitted()
#1 C:\xampp1\htdocs\wordpress\wp-content\plugins\elementor\core\base\module.php(85): ElementorPro\Modules\Forms\Module->__construct()
#2 C:\xampp1\htdocs\wordpress\wp-content\plugins\elementor-pro\includes\modules-manager.php(58): Elementor\Core\Base\Module::instance()
#3 C:\xampp1\htdocs\wordpress\wp-content\plugins\elementor-pro\plugin.php(319): ElementorPro\Manager->__construct()
#4 C:\xampp1\htdocs\wordpress\wp-includes\class-wp-hook.php(324): ElementorPro\Plugin->on_elementor_init('')
#5 C:\xampp1\htdocs\wordpress\wp-includes\class-wp-hook.php(348): WP_Hook->apply_filters('', Array)
#6 C:\xampp1\htdocs\wordpress\wp-includes\plugin.php(517): WP_Hook->do_action(Array)
#7 C:\xampp1\htdocs\wordpress\wp-content\plugins\elementor\includes\plugin.php(658): do_action('elementor/init')
#8 C:\xampp1\htdocs\wordpress\wp-includes\class-wp-hook.php(324): Elementor\Plugin->init('')
#9 C:\xampp1\htdocs\wordpress\wp-includes\class-wp-hook.php(348): WP_Hook->apply_filters(NULL, Array)
#10 C:\xampp1\htdocs\wordpress\wp-includes\plugin.php(517): WP_Hook->do_action(Array)
#11 C:\xampp1\htdocs\wordpress\wp-settings.php(643): do_action('init')
#12 C:\xampp1\htdocs\wordpress\wp-config.php(96): require_once('C:\\xampp1\\htdoc...')
#13 C:\xampp1\htdocs\wordpress\wp-load.php(50): require_once('C:\\xampp1\\htdoc...')
#14 C:\xampp1\htdocs\wordpress\wp-admin\admin.php(34): require_once('C:\\xampp1\\htdoc...')
#15 C:\xampp1\htdocs\wordpress\wp-admin\index.php(10): require_once('C:\\xampp1\\htdoc...')
#16 {main}
  thrown in C:\xampp1\htdocs\wordpress\wp-content\plugins\elementor-pro\modules\forms\classes\ajax-handler.php on line 33

2024-02-26T16:07:02+00:00 CRITICAL Uncaught Error: Call to undefined method Elementor\Utils::is_ajax() in C:\xampp1\htdocs\wordpress\wp-content\plugins\elementor-pro\modules\forms\classes\ajax-handler.php:33
Stack trace:
#0 C:\xampp1\htdocs\wordpress\wp-content\plugins\elementor-pro\modules\forms\module.php(176): ElementorPro\Modules\Forms\Classes\Ajax_Handler::is_form_submitted()
#1 C:\xampp1\htdocs\wordpress\wp-content\plugins\elementor\core\base\module.php(85): ElementorPro\Modules\Forms\Module->__construct()
#2 C:\xampp1\htdocs\wordpress\wp-content\plugins\elementor-pro\includes\modules-manager.php(58): Elementor\Core\Base\Module::instance()
#3 C:\xampp1\htdocs\wordpress\wp-content\plugins\elementor-pro\plugin.php(319): ElementorPro\Manager->__construct()
#4 C:\xampp1\htdocs\wordpress\wp-includes\class-wp-hook.php(324): ElementorPro\Plugin->on_elementor_init('')
#5 C:\xampp1\htdocs\wordpress\wp-includes\class-wp-hook.php(348): WP_Hook->apply_filters('', Array)
#6 C:\xampp1\htdocs\wordpress\wp-includes\plugin.php(517): WP_Hook->do_action(Array)
#7 C:\xampp1\htdocs\wordpress\wp-content\plugins\elementor\includes\plugin.php(658): do_action('elementor/init')
#8 C:\xampp1\htdocs\wordpress\wp-includes\class-wp-hook.php(324): Elementor\Plugin->init('')
#9 C:\xampp1\htdocs\wordpress\wp-includes\class-wp-hook.php(348): WP_Hook->apply_filters(NULL, Array)
#10 C:\xampp1\htdocs\wordpress\wp-includes\plugin.php(517): WP_Hook->do_action(Array)
#11 C:\xampp1\htdocs\wordpress\wp-settings.php(643): do_action('init')
#12 C:\xampp1\htdocs\wordpress\wp-config.php(96): require_once('C:\\xampp1\\htdoc...')
#13 C:\xampp1\htdocs\wordpress\wp-load.php(50): require_once('C:\\xampp1\\htdoc...')
#14 C:\xampp1\htdocs\wordpress\wp-blog-header.php(13): require_once('C:\\xampp1\\htdoc...')
#15 C:\xampp1\htdocs\wordpress\index.php(17): require('C:\\xampp1\\htdoc...')
#16 {main}
  thrown in C:\xampp1\htdocs\wordpress\wp-content\plugins\elementor-pro\modules\forms\classes\ajax-handler.php on line 33

2024-02-26T16:07:37+00:00 CRITICAL Uncaught Error: Call to undefined method Elementor\Utils::is_ajax() in C:\xampp1\htdocs\wordpress\wp-content\plugins\elementor-pro\modules\forms\classes\ajax-handler.php:33
Stack trace:
#0 C:\xampp1\htdocs\wordpress\wp-content\plugins\elementor-pro\modules\forms\module.php(176): ElementorPro\Modules\Forms\Classes\Ajax_Handler::is_form_submitted()
#1 C:\xampp1\htdocs\wordpress\wp-content\plugins\elementor\core\base\module.php(85): ElementorPro\Modules\Forms\Module->__construct()
#2 C:\xampp1\htdocs\wordpress\wp-content\plugins\elementor-pro\includes\modules-manager.php(58): Elementor\Core\Base\Module::instance()
#3 C:\xampp1\htdocs\wordpress\wp-content\plugins\elementor-pro\plugin.php(319): ElementorPro\Manager->__construct()
#4 C:\xampp1\htdocs\wordpress\wp-includes\class-wp-hook.php(324): ElementorPro\Plugin->on_elementor_init('')
#5 C:\xampp1\htdocs\wordpress\wp-includes\class-wp-hook.php(348): WP_Hook->apply_filters('', Array)
#6 C:\xampp1\htdocs\wordpress\wp-includes\plugin.php(517): WP_Hook->do_action(Array)
#7 C:\xampp1\htdocs\wordpress\wp-content\plugins\elementor\includes\plugin.php(658): do_action('elementor/init')
#8 C:\xampp1\htdocs\wordpress\wp-includes\class-wp-hook.php(324): Elementor\Plugin->init('')
#9 C:\xampp1\htdocs\wordpress\wp-includes\class-wp-hook.php(348): WP_Hook->apply_filters(NULL, Array)
#10 C:\xampp1\htdocs\wordpress\wp-includes\plugin.php(517): WP_Hook->do_action(Array)
#11 C:\xampp1\htdocs\wordpress\wp-settings.php(643): do_action('init')
#12 C:\xampp1\htdocs\wordpress\wp-config.php(96): require_once('C:\\xampp1\\htdoc...')
#13 C:\xampp1\htdocs\wordpress\wp-load.php(50): require_once('C:\\xampp1\\htdoc...')
#14 C:\xampp1\htdocs\wordpress\wp-blog-header.php(13): require_once('C:\\xampp1\\htdoc...')
#15 C:\xampp1\htdocs\wordpress\index.php(17): require('C:\\xampp1\\htdoc...')
#16 {main}
  thrown in C:\xampp1\htdocs\wordpress\wp-content\plugins\elementor-pro\modules\forms\classes\ajax-handler.php on line 33

2024-02-26T16:08:53+00:00 CRITICAL Uncaught Error: Call to undefined method Elementor\Utils::is_ajax() in C:\xampp1\htdocs\wordpress\wp-content\plugins\elementor-pro\modules\forms\classes\ajax-handler.php:33
Stack trace:
#0 C:\xampp1\htdocs\wordpress\wp-content\plugins\elementor-pro\modules\forms\module.php(176): ElementorPro\Modules\Forms\Classes\Ajax_Handler::is_form_submitted()
#1 C:\xampp1\htdocs\wordpress\wp-content\plugins\elementor\core\base\module.php(85): ElementorPro\Modules\Forms\Module->__construct()
#2 C:\xampp1\htdocs\wordpress\wp-content\plugins\elementor-pro\includes\modules-manager.php(58): Elementor\Core\Base\Module::instance()
#3 C:\xampp1\htdocs\wordpress\wp-content\plugins\elementor-pro\plugin.php(319): ElementorPro\Manager->__construct()
#4 C:\xampp1\htdocs\wordpress\wp-includes\class-wp-hook.php(324): ElementorPro\Plugin->on_elementor_init('')
#5 C:\xampp1\htdocs\wordpress\wp-includes\class-wp-hook.php(348): WP_Hook->apply_filters('', Array)
#6 C:\xampp1\htdocs\wordpress\wp-includes\plugin.php(517): WP_Hook->do_action(Array)
#7 C:\xampp1\htdocs\wordpress\wp-content\plugins\elementor\includes\plugin.php(658): do_action('elementor/init')
#8 C:\xampp1\htdocs\wordpress\wp-includes\class-wp-hook.php(324): Elementor\Plugin->init('')
#9 C:\xampp1\htdocs\wordpress\wp-includes\class-wp-hook.php(348): WP_Hook->apply_filters(NULL, Array)
#10 C:\xampp1\htdocs\wordpress\wp-includes\plugin.php(517): WP_Hook->do_action(Array)
#11 C:\xampp1\htdocs\wordpress\wp-settings.php(643): do_action('init')
#12 C:\xampp1\htdocs\wordpress\wp-config.php(96): require_once('C:\\xampp1\\htdoc...')
#13 C:\xampp1\htdocs\wordpress\wp-load.php(50): require_once('C:\\xampp1\\htdoc...')
#14 C:\xampp1\htdocs\wordpress\wp-admin\admin.php(34): require_once('C:\\xampp1\\htdoc...')
#15 C:\xampp1\htdocs\wordpress\wp-admin\index.php(10): require_once('C:\\xampp1\\htdoc...')
#16 {main}
  thrown in C:\xampp1\htdocs\wordpress\wp-content\plugins\elementor-pro\modules\forms\classes\ajax-handler.php on line 33

2024-02-26T16:10:11+00:00 CRITICAL Uncaught Error: Call to undefined method Elementor\Utils::is_ajax() in C:\xampp1\htdocs\wordpress\wp-content\plugins\elementor-pro\modules\forms\classes\ajax-handler.php:33
Stack trace:
#0 C:\xampp1\htdocs\wordpress\wp-content\plugins\elementor-pro\modules\forms\module.php(176): ElementorPro\Modules\Forms\Classes\Ajax_Handler::is_form_submitted()
#1 C:\xampp1\htdocs\wordpress\wp-content\plugins\elementor\core\base\module.php(85): ElementorPro\Modules\Forms\Module->__construct()
#2 C:\xampp1\htdocs\wordpress\wp-content\plugins\elementor-pro\includes\modules-manager.php(58): Elementor\Core\Base\Module::instance()
#3 C:\xampp1\htdocs\wordpress\wp-content\plugins\elementor-pro\plugin.php(319): ElementorPro\Manager->__construct()
#4 C:\xampp1\htdocs\wordpress\wp-includes\class-wp-hook.php(324): ElementorPro\Plugin->on_elementor_init('')
#5 C:\xampp1\htdocs\wordpress\wp-includes\class-wp-hook.php(348): WP_Hook->apply_filters('', Array)
#6 C:\xampp1\htdocs\wordpress\wp-includes\plugin.php(517): WP_Hook->do_action(Array)
#7 C:\xampp1\htdocs\wordpress\wp-content\plugins\elementor\includes\plugin.php(658): do_action('elementor/init')
#8 C:\xampp1\htdocs\wordpress\wp-includes\class-wp-hook.php(324): Elementor\Plugin->init('')
#9 C:\xampp1\htdocs\wordpress\wp-includes\class-wp-hook.php(348): WP_Hook->apply_filters(NULL, Array)
#10 C:\xampp1\htdocs\wordpress\wp-includes\plugin.php(517): WP_Hook->do_action(Array)
#11 C:\xampp1\htdocs\wordpress\wp-settings.php(643): do_action('init')
#12 C:\xampp1\htdocs\wordpress\wp-config.php(96): require_once('C:\\xampp1\\htdoc...')
#13 C:\xampp1\htdocs\wordpress\wp-load.php(50): require_once('C:\\xampp1\\htdoc...')
#14 C:\xampp1\htdocs\wordpress\wp-admin\admin.php(34): require_once('C:\\xampp1\\htdoc...')
#15 C:\xampp1\htdocs\wordpress\wp-admin\index.php(10): require_once('C:\\xampp1\\htdoc...')
#16 {main}
  thrown in C:\xampp1\htdocs\wordpress\wp-content\plugins\elementor-pro\modules\forms\classes\ajax-handler.php on line 33

2024-02-26T16:15:01+00:00 CRITICAL Uncaught Error: Call to undefined method Elementor\Utils::is_ajax() in C:\xampp1\htdocs\wordpress\wp-content\plugins\elementor-pro\modules\forms\classes\ajax-handler.php:33
Stack trace:
#0 C:\xampp1\htdocs\wordpress\wp-content\plugins\elementor-pro\modules\forms\module.php(176): ElementorPro\Modules\Forms\Classes\Ajax_Handler::is_form_submitted()
#1 C:\xampp1\htdocs\wordpress\wp-content\plugins\elementor\core\base\module.php(85): ElementorPro\Modules\Forms\Module->__construct()
#2 C:\xampp1\htdocs\wordpress\wp-content\plugins\elementor-pro\includes\modules-manager.php(58): Elementor\Core\Base\Module::instance()
#3 C:\xampp1\htdocs\wordpress\wp-content\plugins\elementor-pro\plugin.php(319): ElementorPro\Manager->__construct()
#4 C:\xampp1\htdocs\wordpress\wp-includes\class-wp-hook.php(324): ElementorPro\Plugin->on_elementor_init('')
#5 C:\xampp1\htdocs\wordpress\wp-includes\class-wp-hook.php(348): WP_Hook->apply_filters('', Array)
#6 C:\xampp1\htdocs\wordpress\wp-includes\plugin.php(517): WP_Hook->do_action(Array)
#7 C:\xampp1\htdocs\wordpress\wp-content\plugins\elementor\includes\plugin.php(658): do_action('elementor/init')
#8 C:\xampp1\htdocs\wordpress\wp-includes\class-wp-hook.php(324): Elementor\Plugin->init('')
#9 C:\xampp1\htdocs\wordpress\wp-includes\class-wp-hook.php(348): WP_Hook->apply_filters(NULL, Array)
#10 C:\xampp1\htdocs\wordpress\wp-includes\plugin.php(517): WP_Hook->do_action(Array)
#11 C:\xampp1\htdocs\wordpress\wp-settings.php(643): do_action('init')
#12 C:\xampp1\htdocs\wordpress\wp-config.php(96): require_once('C:\\xampp1\\htdoc...')
#13 C:\xampp1\htdocs\wordpress\wp-load.php(50): require_once('C:\\xampp1\\htdoc...')
#14 C:\xampp1\htdocs\wordpress\wp-admin\admin.php(34): require_once('C:\\xampp1\\htdoc...')
#15 C:\xampp1\htdocs\wordpress\wp-admin\index.php(10): require_once('C:\\xampp1\\htdoc...')
#16 {main}
  thrown in C:\xampp1\htdocs\wordpress\wp-content\plugins\elementor-pro\modules\forms\classes\ajax-handler.php on line 33

2024-02-26T16:20:35+00:00 CRITICAL Uncaught Error: Call to undefined method Elementor\Utils::is_ajax() in C:\xampp1\htdocs\wordpress\wp-content\plugins\elementor-pro\modules\forms\classes\ajax-handler.php:33
Stack trace:
#0 C:\xampp1\htdocs\wordpress\wp-content\plugins\elementor-pro\modules\forms\module.php(176): ElementorPro\Modules\Forms\Classes\Ajax_Handler::is_form_submitted()
#1 C:\xampp1\htdocs\wordpress\wp-content\plugins\elementor\core\base\module.php(85): ElementorPro\Modules\Forms\Module->__construct()
#2 C:\xampp1\htdocs\wordpress\wp-content\plugins\elementor-pro\includes\modules-manager.php(58): Elementor\Core\Base\Module::instance()
#3 C:\xampp1\htdocs\wordpress\wp-content\plugins\elementor-pro\plugin.php(319): ElementorPro\Manager->__construct()
#4 C:\xampp1\htdocs\wordpress\wp-includes\class-wp-hook.php(324): ElementorPro\Plugin->on_elementor_init('')
#5 C:\xampp1\htdocs\wordpress\wp-includes\class-wp-hook.php(348): WP_Hook->apply_filters('', Array)
#6 C:\xampp1\htdocs\wordpress\wp-includes\plugin.php(517): WP_Hook->do_action(Array)
#7 C:\xampp1\htdocs\wordpress\wp-content\plugins\elementor\includes\plugin.php(658): do_action('elementor/init')
#8 C:\xampp1\htdocs\wordpress\wp-includes\class-wp-hook.php(324): Elementor\Plugin->init('')
#9 C:\xampp1\htdocs\wordpress\wp-includes\class-wp-hook.php(348): WP_Hook->apply_filters(NULL, Array)
#10 C:\xampp1\htdocs\wordpress\wp-includes\plugin.php(517): WP_Hook->do_action(Array)
#11 C:\xampp1\htdocs\wordpress\wp-settings.php(643): do_action('init')
#12 C:\xampp1\htdocs\wordpress\wp-config.php(96): require_once('C:\\xampp1\\htdoc...')
#13 C:\xampp1\htdocs\wordpress\wp-load.php(50): require_once('C:\\xampp1\\htdoc...')
#14 C:\xampp1\htdocs\wordpress\wp-admin\admin.php(34): require_once('C:\\xampp1\\htdoc...')
#15 C:\xampp1\htdocs\wordpress\wp-admin\index.php(10): require_once('C:\\xampp1\\htdoc...')
#16 {main}
  thrown in C:\xampp1\htdocs\wordpress\wp-content\plugins\elementor-pro\modules\forms\classes\ajax-handler.php on line 33

